ARM GAS  C:\Users\adivd\AppData\Local\Temp\ccdkzhFs.s 			page 1


   1              		.cpu cortex-m3
   2              		.arch armv7-m
   3              		.fpu softvfp
   4              		.eabi_attribute 20, 1
   5              		.eabi_attribute 21, 1
   6              		.eabi_attribute 23, 3
   7              		.eabi_attribute 24, 1
   8              		.eabi_attribute 25, 1
   9              		.eabi_attribute 26, 1
  10              		.eabi_attribute 30, 1
  11              		.eabi_attribute 34, 1
  12              		.eabi_attribute 18, 4
  13              		.file	"main.c"
  14              		.text
  15              	.Ltext0:
  16              		.cfi_sections	.debug_frame
  17              		.section	.text.MX_GPIO_Init,"ax",%progbits
  18              		.align	1
  19              		.syntax unified
  20              		.thumb
  21              		.thumb_func
  23              	MX_GPIO_Init:
  24              	.LFB71:
  25              		.file 1 "Core/Src/main.c"
   1:Core/Src/main.c **** /* USER CODE BEGIN Header */
   2:Core/Src/main.c **** /**
   3:Core/Src/main.c ****   ******************************************************************************
   4:Core/Src/main.c ****   * @file           : main.c
   5:Core/Src/main.c ****   * @brief          : Main program body
   6:Core/Src/main.c ****   ******************************************************************************
   7:Core/Src/main.c ****   * @attention
   8:Core/Src/main.c ****   *
   9:Core/Src/main.c ****   * Copyright (c) 2022 STMicroelectronics.
  10:Core/Src/main.c ****   * All rights reserved.
  11:Core/Src/main.c ****   *
  12:Core/Src/main.c ****   * This software is licensed under terms that can be found in the LICENSE file
  13:Core/Src/main.c ****   * in the root directory of this software component.
  14:Core/Src/main.c ****   * If no LICENSE file comes with this software, it is provided AS-IS.
  15:Core/Src/main.c ****   *
  16:Core/Src/main.c ****   ******************************************************************************
  17:Core/Src/main.c ****   */
  18:Core/Src/main.c **** /* USER CODE END Header */
  19:Core/Src/main.c **** /* Includes ------------------------------------------------------------------*/
  20:Core/Src/main.c **** #include "main.h"
  21:Core/Src/main.c **** #include "usb_device.h"
  22:Core/Src/main.c **** 
  23:Core/Src/main.c **** /* Private includes ----------------------------------------------------------*/
  24:Core/Src/main.c **** /* USER CODE BEGIN Includes */
  25:Core/Src/main.c **** #include <srv_sens_api.h>
  26:Core/Src/main.c **** #include <srv_sens_swcpma.h>
  27:Core/Src/main.c **** #include <srv_sens_def.h>
  28:Core/Src/main.c **** #include <srv_MotorControl_main.h>
  29:Core/Src/main.c **** /* USER CODE END Includes */
  30:Core/Src/main.c **** 
  31:Core/Src/main.c **** /* Private typedef -----------------------------------------------------------*/
  32:Core/Src/main.c **** /* USER CODE BEGIN PTD */
  33:Core/Src/main.c **** 
ARM GAS  C:\Users\adivd\AppData\Local\Temp\ccdkzhFs.s 			page 2


  34:Core/Src/main.c **** /* USER CODE END PTD */
  35:Core/Src/main.c **** 
  36:Core/Src/main.c **** /* Private define ------------------------------------------------------------*/
  37:Core/Src/main.c **** /* USER CODE BEGIN PD */
  38:Core/Src/main.c **** /* USER CODE END PD */
  39:Core/Src/main.c **** 
  40:Core/Src/main.c **** /* Private macro -------------------------------------------------------------*/
  41:Core/Src/main.c **** /* USER CODE BEGIN PM */
  42:Core/Src/main.c **** 
  43:Core/Src/main.c **** /* USER CODE END PM */
  44:Core/Src/main.c **** 
  45:Core/Src/main.c **** /* Private variables ---------------------------------------------------------*/
  46:Core/Src/main.c **** ADC_HandleTypeDef hadc1;
  47:Core/Src/main.c **** 
  48:Core/Src/main.c **** /* USER CODE BEGIN PV */
  49:Core/Src/main.c **** 
  50:Core/Src/main.c **** /* USER CODE END PV */
  51:Core/Src/main.c **** 
  52:Core/Src/main.c **** /* Private function prototypes -----------------------------------------------*/
  53:Core/Src/main.c **** void SystemClock_Config(void);
  54:Core/Src/main.c **** static void MX_GPIO_Init(void);
  55:Core/Src/main.c **** static void MX_ADC1_Init(void);
  56:Core/Src/main.c **** /* USER CODE BEGIN PFP */
  57:Core/Src/main.c **** 
  58:Core/Src/main.c **** /* USER CODE END PFP */
  59:Core/Src/main.c **** 
  60:Core/Src/main.c **** /* Private user code ---------------------------------------------------------*/
  61:Core/Src/main.c **** /* USER CODE BEGIN 0 */
  62:Core/Src/main.c **** 
  63:Core/Src/main.c **** /* USER CODE END 0 */
  64:Core/Src/main.c **** 
  65:Core/Src/main.c **** /**
  66:Core/Src/main.c ****   * @brief  The application entry point.
  67:Core/Src/main.c ****   * @retval int
  68:Core/Src/main.c ****   */
  69:Core/Src/main.c **** int main(void)
  70:Core/Src/main.c **** {
  71:Core/Src/main.c ****   /* USER CODE BEGIN 1 */
  72:Core/Src/main.c ****   uint8_t msg[50];
  73:Core/Src/main.c ****   /* USER CODE END 1 */
  74:Core/Src/main.c **** 
  75:Core/Src/main.c ****   /* MCU Configuration--------------------------------------------------------*/
  76:Core/Src/main.c **** 
  77:Core/Src/main.c ****   /* Reset of all peripherals, Initializes the Flash interface and the Systick. */
  78:Core/Src/main.c ****   HAL_Init();
  79:Core/Src/main.c **** 
  80:Core/Src/main.c ****   /* USER CODE BEGIN Init */
  81:Core/Src/main.c **** 
  82:Core/Src/main.c ****   /* USER CODE END Init */
  83:Core/Src/main.c **** 
  84:Core/Src/main.c ****   /* Configure the system clock */
  85:Core/Src/main.c ****   SystemClock_Config();
  86:Core/Src/main.c **** 
  87:Core/Src/main.c ****   /* USER CODE BEGIN SysInit */
  88:Core/Src/main.c **** 
  89:Core/Src/main.c ****   /* USER CODE END SysInit */
  90:Core/Src/main.c **** 
ARM GAS  C:\Users\adivd\AppData\Local\Temp\ccdkzhFs.s 			page 3


  91:Core/Src/main.c ****   /* Initialize all configured peripherals */
  92:Core/Src/main.c ****   MX_GPIO_Init();
  93:Core/Src/main.c ****   MX_ADC1_Init();
  94:Core/Src/main.c ****   MX_USB_DEVICE_Init();
  95:Core/Src/main.c ****   /* USER CODE BEGIN 2 */
  96:Core/Src/main.c ****   srv_sens_init();
  97:Core/Src/main.c ****   set_adc(&hadc1);
  98:Core/Src/main.c ****   motorControl_init();
  99:Core/Src/main.c ****   sensor_data_t sens_readings;
 100:Core/Src/main.c ****   /* USER CODE END 2 */
 101:Core/Src/main.c **** 
 102:Core/Src/main.c ****   /* Infinite loop */
 103:Core/Src/main.c ****   /* USER CODE BEGIN WHILE */
 104:Core/Src/main.c ****   while (1)
 105:Core/Src/main.c ****   {
 106:Core/Src/main.c ****     /* USER CODE END WHILE */
 107:Core/Src/main.c ****     srv_sens_main();
 108:Core/Src/main.c ****     motorControl_main();
 109:Core/Src/main.c ****     sens_readings = get_sensor_data();
 110:Core/Src/main.c ****     sprintf(msg,"Distance: %d.%d cm\r\n",sens_readings.sensor_decimal,sens_readings.sensor_unit);
 111:Core/Src/main.c ****     CDC_Transmit_FS(msg,strlen(msg));
 112:Core/Src/main.c ****     /* USER CODE BEGIN 3 */
 113:Core/Src/main.c ****   }
 114:Core/Src/main.c ****   /* USER CODE END 3 */
 115:Core/Src/main.c **** }
 116:Core/Src/main.c **** 
 117:Core/Src/main.c **** /**
 118:Core/Src/main.c ****   * @brief System Clock Configuration
 119:Core/Src/main.c ****   * @retval None
 120:Core/Src/main.c ****   */
 121:Core/Src/main.c **** void SystemClock_Config(void)
 122:Core/Src/main.c **** {
 123:Core/Src/main.c ****   RCC_OscInitTypeDef RCC_OscInitStruct = {0};
 124:Core/Src/main.c ****   RCC_ClkInitTypeDef RCC_ClkInitStruct = {0};
 125:Core/Src/main.c ****   RCC_PeriphCLKInitTypeDef PeriphClkInit = {0};
 126:Core/Src/main.c **** 
 127:Core/Src/main.c ****   /** Initializes the RCC Oscillators according to the specified parameters
 128:Core/Src/main.c ****   * in the RCC_OscInitTypeDef structure.
 129:Core/Src/main.c ****   */
 130:Core/Src/main.c ****   RCC_OscInitStruct.OscillatorType = RCC_OSCILLATORTYPE_HSE;
 131:Core/Src/main.c ****   RCC_OscInitStruct.HSEState = RCC_HSE_ON;
 132:Core/Src/main.c ****   RCC_OscInitStruct.HSEPredivValue = RCC_HSE_PREDIV_DIV1;
 133:Core/Src/main.c ****   RCC_OscInitStruct.HSIState = RCC_HSI_ON;
 134:Core/Src/main.c ****   RCC_OscInitStruct.PLL.PLLState = RCC_PLL_ON;
 135:Core/Src/main.c ****   RCC_OscInitStruct.PLL.PLLSource = RCC_PLLSOURCE_HSE;
 136:Core/Src/main.c ****   RCC_OscInitStruct.PLL.PLLMUL = RCC_PLL_MUL6;
 137:Core/Src/main.c ****   if (HAL_RCC_OscConfig(&RCC_OscInitStruct) != HAL_OK)
 138:Core/Src/main.c ****   {
 139:Core/Src/main.c ****     Error_Handler();
 140:Core/Src/main.c ****   }
 141:Core/Src/main.c **** 
 142:Core/Src/main.c ****   /** Initializes the CPU, AHB and APB buses clocks
 143:Core/Src/main.c ****   */
 144:Core/Src/main.c ****   RCC_ClkInitStruct.ClockType = RCC_CLOCKTYPE_HCLK|RCC_CLOCKTYPE_SYSCLK
 145:Core/Src/main.c ****                               |RCC_CLOCKTYPE_PCLK1|RCC_CLOCKTYPE_PCLK2;
 146:Core/Src/main.c ****   RCC_ClkInitStruct.SYSCLKSource = RCC_SYSCLKSOURCE_PLLCLK;
 147:Core/Src/main.c ****   RCC_ClkInitStruct.AHBCLKDivider = RCC_SYSCLK_DIV1;
ARM GAS  C:\Users\adivd\AppData\Local\Temp\ccdkzhFs.s 			page 4


 148:Core/Src/main.c ****   RCC_ClkInitStruct.APB1CLKDivider = RCC_HCLK_DIV2;
 149:Core/Src/main.c ****   RCC_ClkInitStruct.APB2CLKDivider = RCC_HCLK_DIV1;
 150:Core/Src/main.c **** 
 151:Core/Src/main.c ****   if (HAL_RCC_ClockConfig(&RCC_ClkInitStruct, FLASH_LATENCY_1) != HAL_OK)
 152:Core/Src/main.c ****   {
 153:Core/Src/main.c ****     Error_Handler();
 154:Core/Src/main.c ****   }
 155:Core/Src/main.c ****   PeriphClkInit.PeriphClockSelection = RCC_PERIPHCLK_ADC|RCC_PERIPHCLK_USB;
 156:Core/Src/main.c ****   PeriphClkInit.AdcClockSelection = RCC_ADCPCLK2_DIV4;
 157:Core/Src/main.c ****   PeriphClkInit.UsbClockSelection = RCC_USBCLKSOURCE_PLL;
 158:Core/Src/main.c ****   if (HAL_RCCEx_PeriphCLKConfig(&PeriphClkInit) != HAL_OK)
 159:Core/Src/main.c ****   {
 160:Core/Src/main.c ****     Error_Handler();
 161:Core/Src/main.c ****   }
 162:Core/Src/main.c **** }
 163:Core/Src/main.c **** 
 164:Core/Src/main.c **** /**
 165:Core/Src/main.c ****   * @brief ADC1 Initialization Function
 166:Core/Src/main.c ****   * @param None
 167:Core/Src/main.c ****   * @retval None
 168:Core/Src/main.c ****   */
 169:Core/Src/main.c **** static void MX_ADC1_Init(void)
 170:Core/Src/main.c **** {
 171:Core/Src/main.c **** 
 172:Core/Src/main.c ****   /* USER CODE BEGIN ADC1_Init 0 */
 173:Core/Src/main.c **** 
 174:Core/Src/main.c ****   /* USER CODE END ADC1_Init 0 */
 175:Core/Src/main.c **** 
 176:Core/Src/main.c ****   ADC_ChannelConfTypeDef sConfig = {0};
 177:Core/Src/main.c **** 
 178:Core/Src/main.c ****   /* USER CODE BEGIN ADC1_Init 1 */
 179:Core/Src/main.c **** 
 180:Core/Src/main.c ****   /* USER CODE END ADC1_Init 1 */
 181:Core/Src/main.c **** 
 182:Core/Src/main.c ****   /** Common config
 183:Core/Src/main.c ****   */
 184:Core/Src/main.c ****   hadc1.Instance = ADC1;
 185:Core/Src/main.c ****   hadc1.Init.ScanConvMode = ADC_SCAN_DISABLE;
 186:Core/Src/main.c ****   hadc1.Init.ContinuousConvMode = DISABLE;
 187:Core/Src/main.c ****   hadc1.Init.DiscontinuousConvMode = DISABLE;
 188:Core/Src/main.c ****   hadc1.Init.ExternalTrigConv = ADC_SOFTWARE_START;
 189:Core/Src/main.c ****   hadc1.Init.DataAlign = ADC_DATAALIGN_RIGHT;
 190:Core/Src/main.c ****   hadc1.Init.NbrOfConversion = 1;
 191:Core/Src/main.c ****   if (HAL_ADC_Init(&hadc1) != HAL_OK)
 192:Core/Src/main.c ****   {
 193:Core/Src/main.c ****     Error_Handler();
 194:Core/Src/main.c ****   }
 195:Core/Src/main.c **** 
 196:Core/Src/main.c ****   /** Configure Regular Channel
 197:Core/Src/main.c ****   */
 198:Core/Src/main.c ****   sConfig.Channel = ADC_CHANNEL_0;
 199:Core/Src/main.c ****   sConfig.Rank = ADC_REGULAR_RANK_1;
 200:Core/Src/main.c ****   sConfig.SamplingTime = ADC_SAMPLETIME_1CYCLE_5;
 201:Core/Src/main.c ****   if (HAL_ADC_ConfigChannel(&hadc1, &sConfig) != HAL_OK)
 202:Core/Src/main.c ****   {
 203:Core/Src/main.c ****     Error_Handler();
 204:Core/Src/main.c ****   }
ARM GAS  C:\Users\adivd\AppData\Local\Temp\ccdkzhFs.s 			page 5


 205:Core/Src/main.c ****   /* USER CODE BEGIN ADC1_Init 2 */
 206:Core/Src/main.c **** 
 207:Core/Src/main.c ****   /* USER CODE END ADC1_Init 2 */
 208:Core/Src/main.c **** 
 209:Core/Src/main.c **** }
 210:Core/Src/main.c **** 
 211:Core/Src/main.c **** /**
 212:Core/Src/main.c ****   * @brief GPIO Initialization Function
 213:Core/Src/main.c ****   * @param None
 214:Core/Src/main.c ****   * @retval None
 215:Core/Src/main.c ****   */
 216:Core/Src/main.c **** static void MX_GPIO_Init(void)
 217:Core/Src/main.c **** {
  26              		.loc 1 217 1 view -0
  27              		.cfi_startproc
  28              		@ args = 0, pretend = 0, frame = 24
  29              		@ frame_needed = 0, uses_anonymous_args = 0
  30 0000 30B5     		push	{r4, r5, lr}
  31              	.LCFI0:
  32              		.cfi_def_cfa_offset 12
  33              		.cfi_offset 4, -12
  34              		.cfi_offset 5, -8
  35              		.cfi_offset 14, -4
  36 0002 87B0     		sub	sp, sp, #28
  37              	.LCFI1:
  38              		.cfi_def_cfa_offset 40
 218:Core/Src/main.c ****   GPIO_InitTypeDef GPIO_InitStruct = {0};
  39              		.loc 1 218 3 view .LVU1
  40              		.loc 1 218 20 is_stmt 0 view .LVU2
  41 0004 0024     		movs	r4, #0
  42 0006 0294     		str	r4, [sp, #8]
  43 0008 0394     		str	r4, [sp, #12]
  44 000a 0494     		str	r4, [sp, #16]
  45 000c 0594     		str	r4, [sp, #20]
 219:Core/Src/main.c **** 
 220:Core/Src/main.c ****   /* GPIO Ports Clock Enable */
 221:Core/Src/main.c ****   __HAL_RCC_GPIOD_CLK_ENABLE();
  46              		.loc 1 221 3 is_stmt 1 view .LVU3
  47              	.LBB4:
  48              		.loc 1 221 3 view .LVU4
  49              		.loc 1 221 3 view .LVU5
  50 000e 134B     		ldr	r3, .L3
  51 0010 9A69     		ldr	r2, [r3, #24]
  52 0012 42F02002 		orr	r2, r2, #32
  53 0016 9A61     		str	r2, [r3, #24]
  54              		.loc 1 221 3 view .LVU6
  55 0018 9A69     		ldr	r2, [r3, #24]
  56 001a 02F02002 		and	r2, r2, #32
  57 001e 0092     		str	r2, [sp]
  58              		.loc 1 221 3 view .LVU7
  59 0020 009A     		ldr	r2, [sp]
  60              	.LBE4:
  61              		.loc 1 221 3 view .LVU8
 222:Core/Src/main.c ****   __HAL_RCC_GPIOA_CLK_ENABLE();
  62              		.loc 1 222 3 view .LVU9
  63              	.LBB5:
  64              		.loc 1 222 3 view .LVU10
ARM GAS  C:\Users\adivd\AppData\Local\Temp\ccdkzhFs.s 			page 6


  65              		.loc 1 222 3 view .LVU11
  66 0022 9A69     		ldr	r2, [r3, #24]
  67 0024 42F00402 		orr	r2, r2, #4
  68 0028 9A61     		str	r2, [r3, #24]
  69              		.loc 1 222 3 view .LVU12
  70 002a 9B69     		ldr	r3, [r3, #24]
  71 002c 03F00403 		and	r3, r3, #4
  72 0030 0193     		str	r3, [sp, #4]
  73              		.loc 1 222 3 view .LVU13
  74 0032 019B     		ldr	r3, [sp, #4]
  75              	.LBE5:
  76              		.loc 1 222 3 view .LVU14
 223:Core/Src/main.c **** 
 224:Core/Src/main.c ****   /*Configure GPIO pin Output Level */
 225:Core/Src/main.c ****   HAL_GPIO_WritePin(GPIOA, GPIO_PIN_3|GPIO_PIN_4|GPIO_PIN_5|GPIO_PIN_6, GPIO_PIN_RESET);
  77              		.loc 1 225 3 view .LVU15
  78 0034 0A4D     		ldr	r5, .L3+4
  79 0036 2246     		mov	r2, r4
  80 0038 7821     		movs	r1, #120
  81 003a 2846     		mov	r0, r5
  82 003c FFF7FEFF 		bl	HAL_GPIO_WritePin
  83              	.LVL0:
 226:Core/Src/main.c **** 
 227:Core/Src/main.c ****   /*Configure GPIO pins : PA3 PA4 PA5 PA6 */
 228:Core/Src/main.c ****   GPIO_InitStruct.Pin = GPIO_PIN_3|GPIO_PIN_4|GPIO_PIN_5|GPIO_PIN_6;
  84              		.loc 1 228 3 view .LVU16
  85              		.loc 1 228 23 is_stmt 0 view .LVU17
  86 0040 7823     		movs	r3, #120
  87 0042 0293     		str	r3, [sp, #8]
 229:Core/Src/main.c ****   GPIO_InitStruct.Mode = GPIO_MODE_OUTPUT_PP;
  88              		.loc 1 229 3 is_stmt 1 view .LVU18
  89              		.loc 1 229 24 is_stmt 0 view .LVU19
  90 0044 0123     		movs	r3, #1
  91 0046 0393     		str	r3, [sp, #12]
 230:Core/Src/main.c ****   GPIO_InitStruct.Pull = GPIO_NOPULL;
  92              		.loc 1 230 3 is_stmt 1 view .LVU20
  93              		.loc 1 230 24 is_stmt 0 view .LVU21
  94 0048 0494     		str	r4, [sp, #16]
 231:Core/Src/main.c ****   GPIO_InitStruct.Speed = GPIO_SPEED_FREQ_LOW;
  95              		.loc 1 231 3 is_stmt 1 view .LVU22
  96              		.loc 1 231 25 is_stmt 0 view .LVU23
  97 004a 0223     		movs	r3, #2
  98 004c 0593     		str	r3, [sp, #20]
 232:Core/Src/main.c ****   HAL_GPIO_Init(GPIOA, &GPIO_InitStruct);
  99              		.loc 1 232 3 is_stmt 1 view .LVU24
 100 004e 02A9     		add	r1, sp, #8
 101 0050 2846     		mov	r0, r5
 102 0052 FFF7FEFF 		bl	HAL_GPIO_Init
 103              	.LVL1:
 233:Core/Src/main.c **** 
 234:Core/Src/main.c **** }
 104              		.loc 1 234 1 is_stmt 0 view .LVU25
 105 0056 07B0     		add	sp, sp, #28
 106              	.LCFI2:
 107              		.cfi_def_cfa_offset 12
 108              		@ sp needed
 109 0058 30BD     		pop	{r4, r5, pc}
ARM GAS  C:\Users\adivd\AppData\Local\Temp\ccdkzhFs.s 			page 7


 110              	.L4:
 111 005a 00BF     		.align	2
 112              	.L3:
 113 005c 00100240 		.word	1073876992
 114 0060 00080140 		.word	1073809408
 115              		.cfi_endproc
 116              	.LFE71:
 118              		.section	.text.Error_Handler,"ax",%progbits
 119              		.align	1
 120              		.global	Error_Handler
 121              		.syntax unified
 122              		.thumb
 123              		.thumb_func
 125              	Error_Handler:
 126              	.LFB72:
 235:Core/Src/main.c **** 
 236:Core/Src/main.c **** /* USER CODE BEGIN 4 */
 237:Core/Src/main.c **** 
 238:Core/Src/main.c **** /* USER CODE END 4 */
 239:Core/Src/main.c **** 
 240:Core/Src/main.c **** /**
 241:Core/Src/main.c ****   * @brief  This function is executed in case of error occurrence.
 242:Core/Src/main.c ****   * @retval None
 243:Core/Src/main.c ****   */
 244:Core/Src/main.c **** void Error_Handler(void)
 245:Core/Src/main.c **** {
 127              		.loc 1 245 1 is_stmt 1 view -0
 128              		.cfi_startproc
 129              		@ Volatile: function does not return.
 130              		@ args = 0, pretend = 0, frame = 0
 131              		@ frame_needed = 0, uses_anonymous_args = 0
 132              		@ link register save eliminated.
 246:Core/Src/main.c ****   /* USER CODE BEGIN Error_Handler_Debug */
 247:Core/Src/main.c ****   /* User can add his own implementation to report the HAL error return state */
 248:Core/Src/main.c ****   __disable_irq();
 133              		.loc 1 248 3 view .LVU27
 134              	.LBB6:
 135              	.LBI6:
 136              		.file 2 "Drivers/CMSIS/Include/cmsis_gcc.h"
   1:Drivers/CMSIS/Include/cmsis_gcc.h **** /**************************************************************************//**
   2:Drivers/CMSIS/Include/cmsis_gcc.h ****  * @file     cmsis_gcc.h
   3:Drivers/CMSIS/Include/cmsis_gcc.h ****  * @brief    CMSIS compiler GCC header file
   4:Drivers/CMSIS/Include/cmsis_gcc.h ****  * @version  V5.0.4
   5:Drivers/CMSIS/Include/cmsis_gcc.h ****  * @date     09. April 2018
   6:Drivers/CMSIS/Include/cmsis_gcc.h ****  ******************************************************************************/
   7:Drivers/CMSIS/Include/cmsis_gcc.h **** /*
   8:Drivers/CMSIS/Include/cmsis_gcc.h ****  * Copyright (c) 2009-2018 Arm Limited. All rights reserved.
   9:Drivers/CMSIS/Include/cmsis_gcc.h ****  *
  10:Drivers/CMSIS/Include/cmsis_gcc.h ****  * SPDX-License-Identifier: Apache-2.0
  11:Drivers/CMSIS/Include/cmsis_gcc.h ****  *
  12:Drivers/CMSIS/Include/cmsis_gcc.h ****  * Licensed under the Apache License, Version 2.0 (the License); you may
  13:Drivers/CMSIS/Include/cmsis_gcc.h ****  * not use this file except in compliance with the License.
  14:Drivers/CMSIS/Include/cmsis_gcc.h ****  * You may obtain a copy of the License at
  15:Drivers/CMSIS/Include/cmsis_gcc.h ****  *
  16:Drivers/CMSIS/Include/cmsis_gcc.h ****  * www.apache.org/licenses/LICENSE-2.0
  17:Drivers/CMSIS/Include/cmsis_gcc.h ****  *
  18:Drivers/CMSIS/Include/cmsis_gcc.h ****  * Unless required by applicable law or agreed to in writing, software
ARM GAS  C:\Users\adivd\AppData\Local\Temp\ccdkzhFs.s 			page 8


  19:Drivers/CMSIS/Include/cmsis_gcc.h ****  * distributed under the License is distributed on an AS IS BASIS, WITHOUT
  20:Drivers/CMSIS/Include/cmsis_gcc.h ****  * WARRANTIES OR CONDITIONS OF ANY KIND, either express or implied.
  21:Drivers/CMSIS/Include/cmsis_gcc.h ****  * See the License for the specific language governing permissions and
  22:Drivers/CMSIS/Include/cmsis_gcc.h ****  * limitations under the License.
  23:Drivers/CMSIS/Include/cmsis_gcc.h ****  */
  24:Drivers/CMSIS/Include/cmsis_gcc.h **** 
  25:Drivers/CMSIS/Include/cmsis_gcc.h **** #ifndef __CMSIS_GCC_H
  26:Drivers/CMSIS/Include/cmsis_gcc.h **** #define __CMSIS_GCC_H
  27:Drivers/CMSIS/Include/cmsis_gcc.h **** 
  28:Drivers/CMSIS/Include/cmsis_gcc.h **** /* ignore some GCC warnings */
  29:Drivers/CMSIS/Include/cmsis_gcc.h **** #pragma GCC diagnostic push
  30:Drivers/CMSIS/Include/cmsis_gcc.h **** #pragma GCC diagnostic ignored "-Wsign-conversion"
  31:Drivers/CMSIS/Include/cmsis_gcc.h **** #pragma GCC diagnostic ignored "-Wconversion"
  32:Drivers/CMSIS/Include/cmsis_gcc.h **** #pragma GCC diagnostic ignored "-Wunused-parameter"
  33:Drivers/CMSIS/Include/cmsis_gcc.h **** 
  34:Drivers/CMSIS/Include/cmsis_gcc.h **** /* Fallback for __has_builtin */
  35:Drivers/CMSIS/Include/cmsis_gcc.h **** #ifndef __has_builtin
  36:Drivers/CMSIS/Include/cmsis_gcc.h ****   #define __has_builtin(x) (0)
  37:Drivers/CMSIS/Include/cmsis_gcc.h **** #endif
  38:Drivers/CMSIS/Include/cmsis_gcc.h **** 
  39:Drivers/CMSIS/Include/cmsis_gcc.h **** /* CMSIS compiler specific defines */
  40:Drivers/CMSIS/Include/cmsis_gcc.h **** #ifndef   __ASM
  41:Drivers/CMSIS/Include/cmsis_gcc.h ****   #define __ASM                                  __asm
  42:Drivers/CMSIS/Include/cmsis_gcc.h **** #endif
  43:Drivers/CMSIS/Include/cmsis_gcc.h **** #ifndef   __INLINE
  44:Drivers/CMSIS/Include/cmsis_gcc.h ****   #define __INLINE                               inline
  45:Drivers/CMSIS/Include/cmsis_gcc.h **** #endif
  46:Drivers/CMSIS/Include/cmsis_gcc.h **** #ifndef   __STATIC_INLINE
  47:Drivers/CMSIS/Include/cmsis_gcc.h ****   #define __STATIC_INLINE                        static inline
  48:Drivers/CMSIS/Include/cmsis_gcc.h **** #endif
  49:Drivers/CMSIS/Include/cmsis_gcc.h **** #ifndef   __STATIC_FORCEINLINE                 
  50:Drivers/CMSIS/Include/cmsis_gcc.h ****   #define __STATIC_FORCEINLINE                   __attribute__((always_inline)) static inline
  51:Drivers/CMSIS/Include/cmsis_gcc.h **** #endif                                           
  52:Drivers/CMSIS/Include/cmsis_gcc.h **** #ifndef   __NO_RETURN
  53:Drivers/CMSIS/Include/cmsis_gcc.h ****   #define __NO_RETURN                            __attribute__((__noreturn__))
  54:Drivers/CMSIS/Include/cmsis_gcc.h **** #endif
  55:Drivers/CMSIS/Include/cmsis_gcc.h **** #ifndef   __USED
  56:Drivers/CMSIS/Include/cmsis_gcc.h ****   #define __USED                                 __attribute__((used))
  57:Drivers/CMSIS/Include/cmsis_gcc.h **** #endif
  58:Drivers/CMSIS/Include/cmsis_gcc.h **** #ifndef   __WEAK
  59:Drivers/CMSIS/Include/cmsis_gcc.h ****   #define __WEAK                                 __attribute__((weak))
  60:Drivers/CMSIS/Include/cmsis_gcc.h **** #endif
  61:Drivers/CMSIS/Include/cmsis_gcc.h **** #ifndef   __PACKED
  62:Drivers/CMSIS/Include/cmsis_gcc.h ****   #define __PACKED                               __attribute__((packed, aligned(1)))
  63:Drivers/CMSIS/Include/cmsis_gcc.h **** #endif
  64:Drivers/CMSIS/Include/cmsis_gcc.h **** #ifndef   __PACKED_STRUCT
  65:Drivers/CMSIS/Include/cmsis_gcc.h ****   #define __PACKED_STRUCT                        struct __attribute__((packed, aligned(1)))
  66:Drivers/CMSIS/Include/cmsis_gcc.h **** #endif
  67:Drivers/CMSIS/Include/cmsis_gcc.h **** #ifndef   __PACKED_UNION
  68:Drivers/CMSIS/Include/cmsis_gcc.h ****   #define __PACKED_UNION                         union __attribute__((packed, aligned(1)))
  69:Drivers/CMSIS/Include/cmsis_gcc.h **** #endif
  70:Drivers/CMSIS/Include/cmsis_gcc.h **** #ifndef   __UNALIGNED_UINT32        /* deprecated */
  71:Drivers/CMSIS/Include/cmsis_gcc.h ****   #pragma GCC diagnostic push
  72:Drivers/CMSIS/Include/cmsis_gcc.h ****   #pragma GCC diagnostic ignored "-Wpacked"
  73:Drivers/CMSIS/Include/cmsis_gcc.h ****   #pragma GCC diagnostic ignored "-Wattributes"
  74:Drivers/CMSIS/Include/cmsis_gcc.h ****   struct __attribute__((packed)) T_UINT32 { uint32_t v; };
  75:Drivers/CMSIS/Include/cmsis_gcc.h ****   #pragma GCC diagnostic pop
ARM GAS  C:\Users\adivd\AppData\Local\Temp\ccdkzhFs.s 			page 9


  76:Drivers/CMSIS/Include/cmsis_gcc.h ****   #define __UNALIGNED_UINT32(x)                  (((struct T_UINT32 *)(x))->v)
  77:Drivers/CMSIS/Include/cmsis_gcc.h **** #endif
  78:Drivers/CMSIS/Include/cmsis_gcc.h **** #ifndef   __UNALIGNED_UINT16_WRITE
  79:Drivers/CMSIS/Include/cmsis_gcc.h ****   #pragma GCC diagnostic push
  80:Drivers/CMSIS/Include/cmsis_gcc.h ****   #pragma GCC diagnostic ignored "-Wpacked"
  81:Drivers/CMSIS/Include/cmsis_gcc.h ****   #pragma GCC diagnostic ignored "-Wattributes"
  82:Drivers/CMSIS/Include/cmsis_gcc.h ****   __PACKED_STRUCT T_UINT16_WRITE { uint16_t v; };
  83:Drivers/CMSIS/Include/cmsis_gcc.h ****   #pragma GCC diagnostic pop
  84:Drivers/CMSIS/Include/cmsis_gcc.h ****   #define __UNALIGNED_UINT16_WRITE(addr, val)    (void)((((struct T_UINT16_WRITE *)(void *)(addr))-
  85:Drivers/CMSIS/Include/cmsis_gcc.h **** #endif
  86:Drivers/CMSIS/Include/cmsis_gcc.h **** #ifndef   __UNALIGNED_UINT16_READ
  87:Drivers/CMSIS/Include/cmsis_gcc.h ****   #pragma GCC diagnostic push
  88:Drivers/CMSIS/Include/cmsis_gcc.h ****   #pragma GCC diagnostic ignored "-Wpacked"
  89:Drivers/CMSIS/Include/cmsis_gcc.h ****   #pragma GCC diagnostic ignored "-Wattributes"
  90:Drivers/CMSIS/Include/cmsis_gcc.h ****   __PACKED_STRUCT T_UINT16_READ { uint16_t v; };
  91:Drivers/CMSIS/Include/cmsis_gcc.h ****   #pragma GCC diagnostic pop
  92:Drivers/CMSIS/Include/cmsis_gcc.h ****   #define __UNALIGNED_UINT16_READ(addr)          (((const struct T_UINT16_READ *)(const void *)(add
  93:Drivers/CMSIS/Include/cmsis_gcc.h **** #endif
  94:Drivers/CMSIS/Include/cmsis_gcc.h **** #ifndef   __UNALIGNED_UINT32_WRITE
  95:Drivers/CMSIS/Include/cmsis_gcc.h ****   #pragma GCC diagnostic push
  96:Drivers/CMSIS/Include/cmsis_gcc.h ****   #pragma GCC diagnostic ignored "-Wpacked"
  97:Drivers/CMSIS/Include/cmsis_gcc.h ****   #pragma GCC diagnostic ignored "-Wattributes"
  98:Drivers/CMSIS/Include/cmsis_gcc.h ****   __PACKED_STRUCT T_UINT32_WRITE { uint32_t v; };
  99:Drivers/CMSIS/Include/cmsis_gcc.h ****   #pragma GCC diagnostic pop
 100:Drivers/CMSIS/Include/cmsis_gcc.h ****   #define __UNALIGNED_UINT32_WRITE(addr, val)    (void)((((struct T_UINT32_WRITE *)(void *)(addr))-
 101:Drivers/CMSIS/Include/cmsis_gcc.h **** #endif
 102:Drivers/CMSIS/Include/cmsis_gcc.h **** #ifndef   __UNALIGNED_UINT32_READ
 103:Drivers/CMSIS/Include/cmsis_gcc.h ****   #pragma GCC diagnostic push
 104:Drivers/CMSIS/Include/cmsis_gcc.h ****   #pragma GCC diagnostic ignored "-Wpacked"
 105:Drivers/CMSIS/Include/cmsis_gcc.h ****   #pragma GCC diagnostic ignored "-Wattributes"
 106:Drivers/CMSIS/Include/cmsis_gcc.h ****   __PACKED_STRUCT T_UINT32_READ { uint32_t v; };
 107:Drivers/CMSIS/Include/cmsis_gcc.h ****   #pragma GCC diagnostic pop
 108:Drivers/CMSIS/Include/cmsis_gcc.h ****   #define __UNALIGNED_UINT32_READ(addr)          (((const struct T_UINT32_READ *)(const void *)(add
 109:Drivers/CMSIS/Include/cmsis_gcc.h **** #endif
 110:Drivers/CMSIS/Include/cmsis_gcc.h **** #ifndef   __ALIGNED
 111:Drivers/CMSIS/Include/cmsis_gcc.h ****   #define __ALIGNED(x)                           __attribute__((aligned(x)))
 112:Drivers/CMSIS/Include/cmsis_gcc.h **** #endif
 113:Drivers/CMSIS/Include/cmsis_gcc.h **** #ifndef   __RESTRICT
 114:Drivers/CMSIS/Include/cmsis_gcc.h ****   #define __RESTRICT                             __restrict
 115:Drivers/CMSIS/Include/cmsis_gcc.h **** #endif
 116:Drivers/CMSIS/Include/cmsis_gcc.h **** 
 117:Drivers/CMSIS/Include/cmsis_gcc.h **** 
 118:Drivers/CMSIS/Include/cmsis_gcc.h **** /* ###########################  Core Function Access  ########################### */
 119:Drivers/CMSIS/Include/cmsis_gcc.h **** /** \ingroup  CMSIS_Core_FunctionInterface
 120:Drivers/CMSIS/Include/cmsis_gcc.h ****     \defgroup CMSIS_Core_RegAccFunctions CMSIS Core Register Access Functions
 121:Drivers/CMSIS/Include/cmsis_gcc.h ****   @{
 122:Drivers/CMSIS/Include/cmsis_gcc.h ****  */
 123:Drivers/CMSIS/Include/cmsis_gcc.h **** 
 124:Drivers/CMSIS/Include/cmsis_gcc.h **** /**
 125:Drivers/CMSIS/Include/cmsis_gcc.h ****   \brief   Enable IRQ Interrupts
 126:Drivers/CMSIS/Include/cmsis_gcc.h ****   \details Enables IRQ interrupts by clearing the I-bit in the CPSR.
 127:Drivers/CMSIS/Include/cmsis_gcc.h ****            Can only be executed in Privileged modes.
 128:Drivers/CMSIS/Include/cmsis_gcc.h ****  */
 129:Drivers/CMSIS/Include/cmsis_gcc.h **** __STATIC_FORCEINLINE void __enable_irq(void)
 130:Drivers/CMSIS/Include/cmsis_gcc.h **** {
 131:Drivers/CMSIS/Include/cmsis_gcc.h ****   __ASM volatile ("cpsie i" : : : "memory");
 132:Drivers/CMSIS/Include/cmsis_gcc.h **** }
ARM GAS  C:\Users\adivd\AppData\Local\Temp\ccdkzhFs.s 			page 10


 133:Drivers/CMSIS/Include/cmsis_gcc.h **** 
 134:Drivers/CMSIS/Include/cmsis_gcc.h **** 
 135:Drivers/CMSIS/Include/cmsis_gcc.h **** /**
 136:Drivers/CMSIS/Include/cmsis_gcc.h ****   \brief   Disable IRQ Interrupts
 137:Drivers/CMSIS/Include/cmsis_gcc.h ****   \details Disables IRQ interrupts by setting the I-bit in the CPSR.
 138:Drivers/CMSIS/Include/cmsis_gcc.h ****            Can only be executed in Privileged modes.
 139:Drivers/CMSIS/Include/cmsis_gcc.h ****  */
 140:Drivers/CMSIS/Include/cmsis_gcc.h **** __STATIC_FORCEINLINE void __disable_irq(void)
 137              		.loc 2 140 27 view .LVU28
 138              	.LBB7:
 141:Drivers/CMSIS/Include/cmsis_gcc.h **** {
 142:Drivers/CMSIS/Include/cmsis_gcc.h ****   __ASM volatile ("cpsid i" : : : "memory");
 139              		.loc 2 142 3 view .LVU29
 140              		.syntax unified
 141              	@ 142 "Drivers/CMSIS/Include/cmsis_gcc.h" 1
 142 0000 72B6     		cpsid i
 143              	@ 0 "" 2
 144              		.thumb
 145              		.syntax unified
 146              	.L6:
 147              	.LBE7:
 148              	.LBE6:
 249:Core/Src/main.c ****   while (1)
 149              		.loc 1 249 3 discriminator 1 view .LVU30
 250:Core/Src/main.c ****   {
 251:Core/Src/main.c ****   }
 150              		.loc 1 251 3 discriminator 1 view .LVU31
 249:Core/Src/main.c ****   while (1)
 151              		.loc 1 249 9 discriminator 1 view .LVU32
 152 0002 FEE7     		b	.L6
 153              		.cfi_endproc
 154              	.LFE72:
 156              		.section	.text.MX_ADC1_Init,"ax",%progbits
 157              		.align	1
 158              		.syntax unified
 159              		.thumb
 160              		.thumb_func
 162              	MX_ADC1_Init:
 163              	.LFB70:
 170:Core/Src/main.c **** 
 164              		.loc 1 170 1 view -0
 165              		.cfi_startproc
 166              		@ args = 0, pretend = 0, frame = 16
 167              		@ frame_needed = 0, uses_anonymous_args = 0
 168 0000 00B5     		push	{lr}
 169              	.LCFI3:
 170              		.cfi_def_cfa_offset 4
 171              		.cfi_offset 14, -4
 172 0002 85B0     		sub	sp, sp, #20
 173              	.LCFI4:
 174              		.cfi_def_cfa_offset 24
 176:Core/Src/main.c **** 
 175              		.loc 1 176 3 view .LVU34
 176:Core/Src/main.c **** 
 176              		.loc 1 176 26 is_stmt 0 view .LVU35
 177 0004 0023     		movs	r3, #0
 178 0006 0193     		str	r3, [sp, #4]
ARM GAS  C:\Users\adivd\AppData\Local\Temp\ccdkzhFs.s 			page 11


 179 0008 0293     		str	r3, [sp, #8]
 180 000a 0393     		str	r3, [sp, #12]
 184:Core/Src/main.c ****   hadc1.Init.ScanConvMode = ADC_SCAN_DISABLE;
 181              		.loc 1 184 3 is_stmt 1 view .LVU36
 184:Core/Src/main.c ****   hadc1.Init.ScanConvMode = ADC_SCAN_DISABLE;
 182              		.loc 1 184 18 is_stmt 0 view .LVU37
 183 000c 0F48     		ldr	r0, .L13
 184 000e 104A     		ldr	r2, .L13+4
 185 0010 0260     		str	r2, [r0]
 185:Core/Src/main.c ****   hadc1.Init.ContinuousConvMode = DISABLE;
 186              		.loc 1 185 3 is_stmt 1 view .LVU38
 185:Core/Src/main.c ****   hadc1.Init.ContinuousConvMode = DISABLE;
 187              		.loc 1 185 27 is_stmt 0 view .LVU39
 188 0012 8360     		str	r3, [r0, #8]
 186:Core/Src/main.c ****   hadc1.Init.DiscontinuousConvMode = DISABLE;
 189              		.loc 1 186 3 is_stmt 1 view .LVU40
 186:Core/Src/main.c ****   hadc1.Init.DiscontinuousConvMode = DISABLE;
 190              		.loc 1 186 33 is_stmt 0 view .LVU41
 191 0014 0373     		strb	r3, [r0, #12]
 187:Core/Src/main.c ****   hadc1.Init.ExternalTrigConv = ADC_SOFTWARE_START;
 192              		.loc 1 187 3 is_stmt 1 view .LVU42
 187:Core/Src/main.c ****   hadc1.Init.ExternalTrigConv = ADC_SOFTWARE_START;
 193              		.loc 1 187 36 is_stmt 0 view .LVU43
 194 0016 0375     		strb	r3, [r0, #20]
 188:Core/Src/main.c ****   hadc1.Init.DataAlign = ADC_DATAALIGN_RIGHT;
 195              		.loc 1 188 3 is_stmt 1 view .LVU44
 188:Core/Src/main.c ****   hadc1.Init.DataAlign = ADC_DATAALIGN_RIGHT;
 196              		.loc 1 188 31 is_stmt 0 view .LVU45
 197 0018 4FF46022 		mov	r2, #917504
 198 001c C261     		str	r2, [r0, #28]
 189:Core/Src/main.c ****   hadc1.Init.NbrOfConversion = 1;
 199              		.loc 1 189 3 is_stmt 1 view .LVU46
 189:Core/Src/main.c ****   hadc1.Init.NbrOfConversion = 1;
 200              		.loc 1 189 24 is_stmt 0 view .LVU47
 201 001e 4360     		str	r3, [r0, #4]
 190:Core/Src/main.c ****   if (HAL_ADC_Init(&hadc1) != HAL_OK)
 202              		.loc 1 190 3 is_stmt 1 view .LVU48
 190:Core/Src/main.c ****   if (HAL_ADC_Init(&hadc1) != HAL_OK)
 203              		.loc 1 190 30 is_stmt 0 view .LVU49
 204 0020 0123     		movs	r3, #1
 205 0022 0361     		str	r3, [r0, #16]
 191:Core/Src/main.c ****   {
 206              		.loc 1 191 3 is_stmt 1 view .LVU50
 191:Core/Src/main.c ****   {
 207              		.loc 1 191 7 is_stmt 0 view .LVU51
 208 0024 FFF7FEFF 		bl	HAL_ADC_Init
 209              	.LVL2:
 191:Core/Src/main.c ****   {
 210              		.loc 1 191 6 view .LVU52
 211 0028 60B9     		cbnz	r0, .L11
 198:Core/Src/main.c ****   sConfig.Rank = ADC_REGULAR_RANK_1;
 212              		.loc 1 198 3 is_stmt 1 view .LVU53
 198:Core/Src/main.c ****   sConfig.Rank = ADC_REGULAR_RANK_1;
 213              		.loc 1 198 19 is_stmt 0 view .LVU54
 214 002a 0023     		movs	r3, #0
 215 002c 0193     		str	r3, [sp, #4]
 199:Core/Src/main.c ****   sConfig.SamplingTime = ADC_SAMPLETIME_1CYCLE_5;
ARM GAS  C:\Users\adivd\AppData\Local\Temp\ccdkzhFs.s 			page 12


 216              		.loc 1 199 3 is_stmt 1 view .LVU55
 199:Core/Src/main.c ****   sConfig.SamplingTime = ADC_SAMPLETIME_1CYCLE_5;
 217              		.loc 1 199 16 is_stmt 0 view .LVU56
 218 002e 0122     		movs	r2, #1
 219 0030 0292     		str	r2, [sp, #8]
 200:Core/Src/main.c ****   if (HAL_ADC_ConfigChannel(&hadc1, &sConfig) != HAL_OK)
 220              		.loc 1 200 3 is_stmt 1 view .LVU57
 200:Core/Src/main.c ****   if (HAL_ADC_ConfigChannel(&hadc1, &sConfig) != HAL_OK)
 221              		.loc 1 200 24 is_stmt 0 view .LVU58
 222 0032 0393     		str	r3, [sp, #12]
 201:Core/Src/main.c ****   {
 223              		.loc 1 201 3 is_stmt 1 view .LVU59
 201:Core/Src/main.c ****   {
 224              		.loc 1 201 7 is_stmt 0 view .LVU60
 225 0034 01A9     		add	r1, sp, #4
 226 0036 0548     		ldr	r0, .L13
 227 0038 FFF7FEFF 		bl	HAL_ADC_ConfigChannel
 228              	.LVL3:
 201:Core/Src/main.c ****   {
 229              		.loc 1 201 6 view .LVU61
 230 003c 20B9     		cbnz	r0, .L12
 209:Core/Src/main.c **** 
 231              		.loc 1 209 1 view .LVU62
 232 003e 05B0     		add	sp, sp, #20
 233              	.LCFI5:
 234              		.cfi_remember_state
 235              		.cfi_def_cfa_offset 4
 236              		@ sp needed
 237 0040 5DF804FB 		ldr	pc, [sp], #4
 238              	.L11:
 239              	.LCFI6:
 240              		.cfi_restore_state
 193:Core/Src/main.c ****   }
 241              		.loc 1 193 5 is_stmt 1 view .LVU63
 242 0044 FFF7FEFF 		bl	Error_Handler
 243              	.LVL4:
 244              	.L12:
 203:Core/Src/main.c ****   }
 245              		.loc 1 203 5 view .LVU64
 246 0048 FFF7FEFF 		bl	Error_Handler
 247              	.LVL5:
 248              	.L14:
 249              		.align	2
 250              	.L13:
 251 004c 00000000 		.word	.LANCHOR0
 252 0050 00240140 		.word	1073816576
 253              		.cfi_endproc
 254              	.LFE70:
 256              		.section	.text.SystemClock_Config,"ax",%progbits
 257              		.align	1
 258              		.global	SystemClock_Config
 259              		.syntax unified
 260              		.thumb
 261              		.thumb_func
 263              	SystemClock_Config:
 264              	.LFB69:
 122:Core/Src/main.c ****   RCC_OscInitTypeDef RCC_OscInitStruct = {0};
ARM GAS  C:\Users\adivd\AppData\Local\Temp\ccdkzhFs.s 			page 13


 265              		.loc 1 122 1 view -0
 266              		.cfi_startproc
 267              		@ args = 0, pretend = 0, frame = 80
 268              		@ frame_needed = 0, uses_anonymous_args = 0
 269 0000 00B5     		push	{lr}
 270              	.LCFI7:
 271              		.cfi_def_cfa_offset 4
 272              		.cfi_offset 14, -4
 273 0002 95B0     		sub	sp, sp, #84
 274              	.LCFI8:
 275              		.cfi_def_cfa_offset 88
 123:Core/Src/main.c ****   RCC_ClkInitTypeDef RCC_ClkInitStruct = {0};
 276              		.loc 1 123 3 view .LVU66
 123:Core/Src/main.c ****   RCC_ClkInitTypeDef RCC_ClkInitStruct = {0};
 277              		.loc 1 123 22 is_stmt 0 view .LVU67
 278 0004 2822     		movs	r2, #40
 279 0006 0021     		movs	r1, #0
 280 0008 0DEB0200 		add	r0, sp, r2
 281 000c FFF7FEFF 		bl	memset
 282              	.LVL6:
 124:Core/Src/main.c ****   RCC_PeriphCLKInitTypeDef PeriphClkInit = {0};
 283              		.loc 1 124 3 is_stmt 1 view .LVU68
 124:Core/Src/main.c ****   RCC_PeriphCLKInitTypeDef PeriphClkInit = {0};
 284              		.loc 1 124 22 is_stmt 0 view .LVU69
 285 0010 0023     		movs	r3, #0
 286 0012 0593     		str	r3, [sp, #20]
 287 0014 0693     		str	r3, [sp, #24]
 288 0016 0793     		str	r3, [sp, #28]
 289 0018 0893     		str	r3, [sp, #32]
 290 001a 0993     		str	r3, [sp, #36]
 125:Core/Src/main.c **** 
 291              		.loc 1 125 3 is_stmt 1 view .LVU70
 125:Core/Src/main.c **** 
 292              		.loc 1 125 28 is_stmt 0 view .LVU71
 293 001c 0193     		str	r3, [sp, #4]
 294 001e 0293     		str	r3, [sp, #8]
 295 0020 0393     		str	r3, [sp, #12]
 296 0022 0493     		str	r3, [sp, #16]
 130:Core/Src/main.c ****   RCC_OscInitStruct.HSEState = RCC_HSE_ON;
 297              		.loc 1 130 3 is_stmt 1 view .LVU72
 130:Core/Src/main.c ****   RCC_OscInitStruct.HSEState = RCC_HSE_ON;
 298              		.loc 1 130 36 is_stmt 0 view .LVU73
 299 0024 0122     		movs	r2, #1
 300 0026 0A92     		str	r2, [sp, #40]
 131:Core/Src/main.c ****   RCC_OscInitStruct.HSEPredivValue = RCC_HSE_PREDIV_DIV1;
 301              		.loc 1 131 3 is_stmt 1 view .LVU74
 131:Core/Src/main.c ****   RCC_OscInitStruct.HSEPredivValue = RCC_HSE_PREDIV_DIV1;
 302              		.loc 1 131 30 is_stmt 0 view .LVU75
 303 0028 4FF48033 		mov	r3, #65536
 304 002c 0B93     		str	r3, [sp, #44]
 132:Core/Src/main.c ****   RCC_OscInitStruct.HSIState = RCC_HSI_ON;
 305              		.loc 1 132 3 is_stmt 1 view .LVU76
 133:Core/Src/main.c ****   RCC_OscInitStruct.PLL.PLLState = RCC_PLL_ON;
 306              		.loc 1 133 3 view .LVU77
 133:Core/Src/main.c ****   RCC_OscInitStruct.PLL.PLLState = RCC_PLL_ON;
 307              		.loc 1 133 30 is_stmt 0 view .LVU78
 308 002e 0E92     		str	r2, [sp, #56]
ARM GAS  C:\Users\adivd\AppData\Local\Temp\ccdkzhFs.s 			page 14


 134:Core/Src/main.c ****   RCC_OscInitStruct.PLL.PLLSource = RCC_PLLSOURCE_HSE;
 309              		.loc 1 134 3 is_stmt 1 view .LVU79
 134:Core/Src/main.c ****   RCC_OscInitStruct.PLL.PLLSource = RCC_PLLSOURCE_HSE;
 310              		.loc 1 134 34 is_stmt 0 view .LVU80
 311 0030 0222     		movs	r2, #2
 312 0032 1192     		str	r2, [sp, #68]
 135:Core/Src/main.c ****   RCC_OscInitStruct.PLL.PLLMUL = RCC_PLL_MUL6;
 313              		.loc 1 135 3 is_stmt 1 view .LVU81
 135:Core/Src/main.c ****   RCC_OscInitStruct.PLL.PLLMUL = RCC_PLL_MUL6;
 314              		.loc 1 135 35 is_stmt 0 view .LVU82
 315 0034 1293     		str	r3, [sp, #72]
 136:Core/Src/main.c ****   if (HAL_RCC_OscConfig(&RCC_OscInitStruct) != HAL_OK)
 316              		.loc 1 136 3 is_stmt 1 view .LVU83
 136:Core/Src/main.c ****   if (HAL_RCC_OscConfig(&RCC_OscInitStruct) != HAL_OK)
 317              		.loc 1 136 32 is_stmt 0 view .LVU84
 318 0036 4FF48013 		mov	r3, #1048576
 319 003a 1393     		str	r3, [sp, #76]
 137:Core/Src/main.c ****   {
 320              		.loc 1 137 3 is_stmt 1 view .LVU85
 137:Core/Src/main.c ****   {
 321              		.loc 1 137 7 is_stmt 0 view .LVU86
 322 003c 0AA8     		add	r0, sp, #40
 323 003e FFF7FEFF 		bl	HAL_RCC_OscConfig
 324              	.LVL7:
 137:Core/Src/main.c ****   {
 325              		.loc 1 137 6 view .LVU87
 326 0042 E8B9     		cbnz	r0, .L20
 144:Core/Src/main.c ****                               |RCC_CLOCKTYPE_PCLK1|RCC_CLOCKTYPE_PCLK2;
 327              		.loc 1 144 3 is_stmt 1 view .LVU88
 144:Core/Src/main.c ****                               |RCC_CLOCKTYPE_PCLK1|RCC_CLOCKTYPE_PCLK2;
 328              		.loc 1 144 31 is_stmt 0 view .LVU89
 329 0044 0F23     		movs	r3, #15
 330 0046 0593     		str	r3, [sp, #20]
 146:Core/Src/main.c ****   RCC_ClkInitStruct.AHBCLKDivider = RCC_SYSCLK_DIV1;
 331              		.loc 1 146 3 is_stmt 1 view .LVU90
 146:Core/Src/main.c ****   RCC_ClkInitStruct.AHBCLKDivider = RCC_SYSCLK_DIV1;
 332              		.loc 1 146 34 is_stmt 0 view .LVU91
 333 0048 0223     		movs	r3, #2
 334 004a 0693     		str	r3, [sp, #24]
 147:Core/Src/main.c ****   RCC_ClkInitStruct.APB1CLKDivider = RCC_HCLK_DIV2;
 335              		.loc 1 147 3 is_stmt 1 view .LVU92
 147:Core/Src/main.c ****   RCC_ClkInitStruct.APB1CLKDivider = RCC_HCLK_DIV2;
 336              		.loc 1 147 35 is_stmt 0 view .LVU93
 337 004c 0023     		movs	r3, #0
 338 004e 0793     		str	r3, [sp, #28]
 148:Core/Src/main.c ****   RCC_ClkInitStruct.APB2CLKDivider = RCC_HCLK_DIV1;
 339              		.loc 1 148 3 is_stmt 1 view .LVU94
 148:Core/Src/main.c ****   RCC_ClkInitStruct.APB2CLKDivider = RCC_HCLK_DIV1;
 340              		.loc 1 148 36 is_stmt 0 view .LVU95
 341 0050 4FF48062 		mov	r2, #1024
 342 0054 0892     		str	r2, [sp, #32]
 149:Core/Src/main.c **** 
 343              		.loc 1 149 3 is_stmt 1 view .LVU96
 149:Core/Src/main.c **** 
 344              		.loc 1 149 36 is_stmt 0 view .LVU97
 345 0056 0993     		str	r3, [sp, #36]
 151:Core/Src/main.c ****   {
ARM GAS  C:\Users\adivd\AppData\Local\Temp\ccdkzhFs.s 			page 15


 346              		.loc 1 151 3 is_stmt 1 view .LVU98
 151:Core/Src/main.c ****   {
 347              		.loc 1 151 7 is_stmt 0 view .LVU99
 348 0058 0121     		movs	r1, #1
 349 005a 05A8     		add	r0, sp, #20
 350 005c FFF7FEFF 		bl	HAL_RCC_ClockConfig
 351              	.LVL8:
 151:Core/Src/main.c ****   {
 352              		.loc 1 151 6 view .LVU100
 353 0060 80B9     		cbnz	r0, .L21
 155:Core/Src/main.c ****   PeriphClkInit.AdcClockSelection = RCC_ADCPCLK2_DIV4;
 354              		.loc 1 155 3 is_stmt 1 view .LVU101
 155:Core/Src/main.c ****   PeriphClkInit.AdcClockSelection = RCC_ADCPCLK2_DIV4;
 355              		.loc 1 155 38 is_stmt 0 view .LVU102
 356 0062 1223     		movs	r3, #18
 357 0064 0193     		str	r3, [sp, #4]
 156:Core/Src/main.c ****   PeriphClkInit.UsbClockSelection = RCC_USBCLKSOURCE_PLL;
 358              		.loc 1 156 3 is_stmt 1 view .LVU103
 156:Core/Src/main.c ****   PeriphClkInit.UsbClockSelection = RCC_USBCLKSOURCE_PLL;
 359              		.loc 1 156 35 is_stmt 0 view .LVU104
 360 0066 4FF48043 		mov	r3, #16384
 361 006a 0393     		str	r3, [sp, #12]
 157:Core/Src/main.c ****   if (HAL_RCCEx_PeriphCLKConfig(&PeriphClkInit) != HAL_OK)
 362              		.loc 1 157 3 is_stmt 1 view .LVU105
 157:Core/Src/main.c ****   if (HAL_RCCEx_PeriphCLKConfig(&PeriphClkInit) != HAL_OK)
 363              		.loc 1 157 35 is_stmt 0 view .LVU106
 364 006c 4FF48003 		mov	r3, #4194304
 365 0070 0493     		str	r3, [sp, #16]
 158:Core/Src/main.c ****   {
 366              		.loc 1 158 3 is_stmt 1 view .LVU107
 158:Core/Src/main.c ****   {
 367              		.loc 1 158 7 is_stmt 0 view .LVU108
 368 0072 01A8     		add	r0, sp, #4
 369 0074 FFF7FEFF 		bl	HAL_RCCEx_PeriphCLKConfig
 370              	.LVL9:
 158:Core/Src/main.c ****   {
 371              		.loc 1 158 6 view .LVU109
 372 0078 30B9     		cbnz	r0, .L22
 162:Core/Src/main.c **** 
 373              		.loc 1 162 1 view .LVU110
 374 007a 15B0     		add	sp, sp, #84
 375              	.LCFI9:
 376              		.cfi_remember_state
 377              		.cfi_def_cfa_offset 4
 378              		@ sp needed
 379 007c 5DF804FB 		ldr	pc, [sp], #4
 380              	.L20:
 381              	.LCFI10:
 382              		.cfi_restore_state
 139:Core/Src/main.c ****   }
 383              		.loc 1 139 5 is_stmt 1 view .LVU111
 384 0080 FFF7FEFF 		bl	Error_Handler
 385              	.LVL10:
 386              	.L21:
 153:Core/Src/main.c ****   }
 387              		.loc 1 153 5 view .LVU112
 388 0084 FFF7FEFF 		bl	Error_Handler
ARM GAS  C:\Users\adivd\AppData\Local\Temp\ccdkzhFs.s 			page 16


 389              	.LVL11:
 390              	.L22:
 160:Core/Src/main.c ****   }
 391              		.loc 1 160 5 view .LVU113
 392 0088 FFF7FEFF 		bl	Error_Handler
 393              	.LVL12:
 394              		.cfi_endproc
 395              	.LFE69:
 397              		.section	.rodata.main.str1.4,"aMS",%progbits,1
 398              		.align	2
 399              	.LC0:
 400 0000 44697374 		.ascii	"Distance: %d.%d cm\015\012\000"
 400      616E6365 
 400      3A202564 
 400      2E256420 
 400      636D0D0A 
 401              		.section	.text.main,"ax",%progbits
 402              		.align	1
 403              		.global	main
 404              		.syntax unified
 405              		.thumb
 406              		.thumb_func
 408              	main:
 409              	.LFB68:
  70:Core/Src/main.c ****   /* USER CODE BEGIN 1 */
 410              		.loc 1 70 1 view -0
 411              		.cfi_startproc
 412              		@ Volatile: function does not return.
 413              		@ args = 0, pretend = 0, frame = 72
 414              		@ frame_needed = 0, uses_anonymous_args = 0
 415 0000 00B5     		push	{lr}
 416              	.LCFI11:
 417              		.cfi_def_cfa_offset 4
 418              		.cfi_offset 14, -4
 419 0002 93B0     		sub	sp, sp, #76
 420              	.LCFI12:
 421              		.cfi_def_cfa_offset 80
  72:Core/Src/main.c ****   /* USER CODE END 1 */
 422              		.loc 1 72 3 view .LVU115
  78:Core/Src/main.c **** 
 423              		.loc 1 78 3 view .LVU116
 424 0004 FFF7FEFF 		bl	HAL_Init
 425              	.LVL13:
  85:Core/Src/main.c **** 
 426              		.loc 1 85 3 view .LVU117
 427 0008 FFF7FEFF 		bl	SystemClock_Config
 428              	.LVL14:
  92:Core/Src/main.c ****   MX_ADC1_Init();
 429              		.loc 1 92 3 view .LVU118
 430 000c FFF7FEFF 		bl	MX_GPIO_Init
 431              	.LVL15:
  93:Core/Src/main.c ****   MX_USB_DEVICE_Init();
 432              		.loc 1 93 3 view .LVU119
 433 0010 FFF7FEFF 		bl	MX_ADC1_Init
 434              	.LVL16:
  94:Core/Src/main.c ****   /* USER CODE BEGIN 2 */
 435              		.loc 1 94 3 view .LVU120
ARM GAS  C:\Users\adivd\AppData\Local\Temp\ccdkzhFs.s 			page 17


 436 0014 FFF7FEFF 		bl	MX_USB_DEVICE_Init
 437              	.LVL17:
  96:Core/Src/main.c ****   set_adc(&hadc1);
 438              		.loc 1 96 3 view .LVU121
 439 0018 FFF7FEFF 		bl	srv_sens_init
 440              	.LVL18:
  97:Core/Src/main.c ****   motorControl_init();
 441              		.loc 1 97 3 view .LVU122
 442 001c 0D48     		ldr	r0, .L26
 443 001e FFF7FEFF 		bl	set_adc
 444              	.LVL19:
  98:Core/Src/main.c ****   sensor_data_t sens_readings;
 445              		.loc 1 98 3 view .LVU123
 446 0022 FFF7FEFF 		bl	motorControl_init
 447              	.LVL20:
 448              	.L24:
  99:Core/Src/main.c ****   /* USER CODE END 2 */
 449              		.loc 1 99 3 discriminator 1 view .LVU124
 104:Core/Src/main.c ****   {
 450              		.loc 1 104 3 discriminator 1 view .LVU125
 451              	.LBB8:
 107:Core/Src/main.c ****     motorControl_main();
 452              		.loc 1 107 5 discriminator 1 view .LVU126
 453 0026 FFF7FEFF 		bl	srv_sens_main
 454              	.LVL21:
 108:Core/Src/main.c ****     sens_readings = get_sensor_data();
 455              		.loc 1 108 5 discriminator 1 view .LVU127
 456 002a FFF7FEFF 		bl	motorControl_main
 457              	.LVL22:
 109:Core/Src/main.c ****     sprintf(msg,"Distance: %d.%d cm\r\n",sens_readings.sensor_decimal,sens_readings.sensor_unit);
 458              		.loc 1 109 5 discriminator 1 view .LVU128
 109:Core/Src/main.c ****     sprintf(msg,"Distance: %d.%d cm\r\n",sens_readings.sensor_decimal,sens_readings.sensor_unit);
 459              		.loc 1 109 21 is_stmt 0 discriminator 1 view .LVU129
 460 002e 01A8     		add	r0, sp, #4
 461 0030 FFF7FEFF 		bl	get_sensor_data
 462              	.LVL23:
 110:Core/Src/main.c ****     CDC_Transmit_FS(msg,strlen(msg));
 463              		.loc 1 110 5 is_stmt 1 discriminator 1 view .LVU130
 464 0034 9DF80D30 		ldrb	r3, [sp, #13]	@ zero_extendqisi2
 465 0038 9DF80C20 		ldrb	r2, [sp, #12]	@ zero_extendqisi2
 466 003c 0649     		ldr	r1, .L26+4
 467 003e 05A8     		add	r0, sp, #20
 468 0040 FFF7FEFF 		bl	sprintf
 469              	.LVL24:
 111:Core/Src/main.c ****     /* USER CODE BEGIN 3 */
 470              		.loc 1 111 5 discriminator 1 view .LVU131
 471 0044 05A8     		add	r0, sp, #20
 472 0046 FFF7FEFF 		bl	strlen
 473              	.LVL25:
 474 004a 0146     		mov	r1, r0
 475 004c 05A8     		add	r0, sp, #20
 476 004e FFF7FEFF 		bl	CDC_Transmit_FS
 477              	.LVL26:
 478              	.LBE8:
 104:Core/Src/main.c ****   {
 479              		.loc 1 104 9 discriminator 1 view .LVU132
 480 0052 E8E7     		b	.L24
ARM GAS  C:\Users\adivd\AppData\Local\Temp\ccdkzhFs.s 			page 18


 481              	.L27:
 482              		.align	2
 483              	.L26:
 484 0054 00000000 		.word	.LANCHOR0
 485 0058 00000000 		.word	.LC0
 486              		.cfi_endproc
 487              	.LFE68:
 489              		.global	hadc1
 490              		.section	.bss.hadc1,"aw",%nobits
 491              		.align	2
 492              		.set	.LANCHOR0,. + 0
 495              	hadc1:
 496 0000 00000000 		.space	48
 496      00000000 
 496      00000000 
 496      00000000 
 496      00000000 
 497              		.text
 498              	.Letext0:
 499              		.file 3 "c:\\program files (x86)\\gnu arm embedded toolchain\\10 2021.10\\arm-none-eabi\\include\\
 500              		.file 4 "c:\\program files (x86)\\gnu arm embedded toolchain\\10 2021.10\\arm-none-eabi\\include\\
 501              		.file 5 "Drivers/CMSIS/Device/ST/STM32F1xx/Include/stm32f103xb.h"
 502              		.file 6 "Drivers/CMSIS/Device/ST/STM32F1xx/Include/stm32f1xx.h"
 503              		.file 7 "Drivers/STM32F1xx_HAL_Driver/Inc/stm32f1xx_hal_def.h"
 504              		.file 8 "Drivers/STM32F1xx_HAL_Driver/Inc/stm32f1xx_hal_rcc.h"
 505              		.file 9 "Drivers/STM32F1xx_HAL_Driver/Inc/stm32f1xx_hal_rcc_ex.h"
 506              		.file 10 "Drivers/STM32F1xx_HAL_Driver/Inc/stm32f1xx_hal_gpio.h"
 507              		.file 11 "Drivers/STM32F1xx_HAL_Driver/Inc/stm32f1xx_hal_dma.h"
 508              		.file 12 "Drivers/STM32F1xx_HAL_Driver/Inc/stm32f1xx_hal_adc.h"
 509              		.file 13 "Layers/SRV_SENS/API/srv_sens_def.h"
 510              		.file 14 "Layers/SRV_SENS/API/srv_sens_swcpma.h"
 511              		.file 15 "Layers/SRV_MotorControl/API/SRV_MotorControl_swcpma.h"
 512              		.file 16 "Layers/SRV_SENS/API/srv_sens_api.h"
 513              		.file 17 "c:\\program files (x86)\\gnu arm embedded toolchain\\10 2021.10\\arm-none-eabi\\include\
 514              		.file 18 "c:\\program files (x86)\\gnu arm embedded toolchain\\10 2021.10\\arm-none-eabi\\include\
 515              		.file 19 "Drivers/STM32F1xx_HAL_Driver/Inc/stm32f1xx_hal.h"
 516              		.file 20 "USB_DEVICE/App/usb_device.h"
 517              		.file 21 "<built-in>"
ARM GAS  C:\Users\adivd\AppData\Local\Temp\ccdkzhFs.s 			page 19


DEFINED SYMBOLS
                            *ABS*:00000000 main.c
C:\Users\adivd\AppData\Local\Temp\ccdkzhFs.s:18     .text.MX_GPIO_Init:00000000 $t
C:\Users\adivd\AppData\Local\Temp\ccdkzhFs.s:23     .text.MX_GPIO_Init:00000000 MX_GPIO_Init
C:\Users\adivd\AppData\Local\Temp\ccdkzhFs.s:113    .text.MX_GPIO_Init:0000005c $d
C:\Users\adivd\AppData\Local\Temp\ccdkzhFs.s:119    .text.Error_Handler:00000000 $t
C:\Users\adivd\AppData\Local\Temp\ccdkzhFs.s:125    .text.Error_Handler:00000000 Error_Handler
C:\Users\adivd\AppData\Local\Temp\ccdkzhFs.s:157    .text.MX_ADC1_Init:00000000 $t
C:\Users\adivd\AppData\Local\Temp\ccdkzhFs.s:162    .text.MX_ADC1_Init:00000000 MX_ADC1_Init
C:\Users\adivd\AppData\Local\Temp\ccdkzhFs.s:251    .text.MX_ADC1_Init:0000004c $d
C:\Users\adivd\AppData\Local\Temp\ccdkzhFs.s:257    .text.SystemClock_Config:00000000 $t
C:\Users\adivd\AppData\Local\Temp\ccdkzhFs.s:263    .text.SystemClock_Config:00000000 SystemClock_Config
C:\Users\adivd\AppData\Local\Temp\ccdkzhFs.s:398    .rodata.main.str1.4:00000000 $d
C:\Users\adivd\AppData\Local\Temp\ccdkzhFs.s:402    .text.main:00000000 $t
C:\Users\adivd\AppData\Local\Temp\ccdkzhFs.s:408    .text.main:00000000 main
C:\Users\adivd\AppData\Local\Temp\ccdkzhFs.s:484    .text.main:00000054 $d
C:\Users\adivd\AppData\Local\Temp\ccdkzhFs.s:495    .bss.hadc1:00000000 hadc1
C:\Users\adivd\AppData\Local\Temp\ccdkzhFs.s:491    .bss.hadc1:00000000 $d

UNDEFINED SYMBOLS
HAL_GPIO_WritePin
HAL_GPIO_Init
HAL_ADC_Init
HAL_ADC_ConfigChannel
memset
HAL_RCC_OscConfig
HAL_RCC_ClockConfig
HAL_RCCEx_PeriphCLKConfig
HAL_Init
MX_USB_DEVICE_Init
srv_sens_init
set_adc
motorControl_init
srv_sens_main
motorControl_main
get_sensor_data
sprintf
strlen
CDC_Transmit_FS
