ARM GAS  C:\Users\adivd\AppData\Local\Temp\ccKCYKKc.s 			page 1


   1              		.cpu cortex-m3
   2              		.arch armv7-m
   3              		.fpu softvfp
   4              		.eabi_attribute 20, 1
   5              		.eabi_attribute 21, 1
   6              		.eabi_attribute 23, 3
   7              		.eabi_attribute 24, 1
   8              		.eabi_attribute 25, 1
   9              		.eabi_attribute 26, 1
  10              		.eabi_attribute 30, 1
  11              		.eabi_attribute 34, 1
  12              		.eabi_attribute 18, 4
  13              		.file	"srv_sens_main.c"
  14              		.text
  15              	.Ltext0:
  16              		.cfi_sections	.debug_frame
  17              		.section	.text.set_adc,"ax",%progbits
  18              		.align	1
  19              		.global	set_adc
  20              		.syntax unified
  21              		.thumb
  22              		.thumb_func
  24              	set_adc:
  25              	.LVL0:
  26              	.LFB68:
  27              		.file 1 "SRV_SENS/SRC/srv_sens_main.c"
   1:SRV_SENS/SRC/srv_sens_main.c **** /**
   2:SRV_SENS/SRC/srv_sens_main.c ****  * @file srv_sens_main.c
   3:SRV_SENS/SRC/srv_sens_main.c ****  * @author Costea Adrian
   4:SRV_SENS/SRC/srv_sens_main.c ****  * @brief main file for motor control
   5:SRV_SENS/SRC/srv_sens_main.c ****  * @version 0.1
   6:SRV_SENS/SRC/srv_sens_main.c ****  * @date 2022-11-03
   7:SRV_SENS/SRC/srv_sens_main.c ****  *
   8:SRV_SENS/SRC/srv_sens_main.c ****  * @copyright Copyright (c) 2022
   9:SRV_SENS/SRC/srv_sens_main.c ****  *
  10:SRV_SENS/SRC/srv_sens_main.c ****  */
  11:SRV_SENS/SRC/srv_sens_main.c **** 
  12:SRV_SENS/SRC/srv_sens_main.c **** /*
  13:SRV_SENS/SRC/srv_sens_main.c ****     GLOBAL INCLUDE FILES
  14:SRV_SENS/SRC/srv_sens_main.c **** */
  15:SRV_SENS/SRC/srv_sens_main.c **** 
  16:SRV_SENS/SRC/srv_sens_main.c **** #include <srv_sens_main.h>
  17:SRV_SENS/SRC/srv_sens_main.c **** 
  18:SRV_SENS/SRC/srv_sens_main.c **** /*
  19:SRV_SENS/SRC/srv_sens_main.c ****     DEFINES
  20:SRV_SENS/SRC/srv_sens_main.c **** */
  21:SRV_SENS/SRC/srv_sens_main.c **** 
  22:SRV_SENS/SRC/srv_sens_main.c **** /*
  23:SRV_SENS/SRC/srv_sens_main.c ****     VARIABLES
  24:SRV_SENS/SRC/srv_sens_main.c **** */
  25:SRV_SENS/SRC/srv_sens_main.c **** ADC_HandleTypeDef hadc;
  26:SRV_SENS/SRC/srv_sens_main.c **** sensor_data_t sensor_readings[20];
  27:SRV_SENS/SRC/srv_sens_main.c **** sensor_data_t data_meadian;
  28:SRV_SENS/SRC/srv_sens_main.c **** /*
  29:SRV_SENS/SRC/srv_sens_main.c ****     FUNCTIONS
  30:SRV_SENS/SRC/srv_sens_main.c **** */
  31:SRV_SENS/SRC/srv_sens_main.c **** /**
ARM GAS  C:\Users\adivd\AppData\Local\Temp\ccKCYKKc.s 			page 2


  32:SRV_SENS/SRC/srv_sens_main.c ****  * @brief set adc handle
  33:SRV_SENS/SRC/srv_sens_main.c ****  *
  34:SRV_SENS/SRC/srv_sens_main.c ****  * @param hadc1
  35:SRV_SENS/SRC/srv_sens_main.c **** */
  36:SRV_SENS/SRC/srv_sens_main.c **** void set_adc(ADC_HandleTypeDef *hadc1)
  37:SRV_SENS/SRC/srv_sens_main.c **** {
  28              		.loc 1 37 1 view -0
  29              		.cfi_startproc
  30              		@ args = 0, pretend = 0, frame = 0
  31              		@ frame_needed = 0, uses_anonymous_args = 0
  32              		@ link register save eliminated.
  33              		.loc 1 37 1 is_stmt 0 view .LVU1
  34 0000 10B4     		push	{r4}
  35              	.LCFI0:
  36              		.cfi_def_cfa_offset 4
  37              		.cfi_offset 4, -4
  38:SRV_SENS/SRC/srv_sens_main.c ****     hadc = *hadc1;
  38              		.loc 1 38 5 is_stmt 1 view .LVU2
  39              		.loc 1 38 10 is_stmt 0 view .LVU3
  40 0002 074C     		ldr	r4, .L3
  41 0004 8446     		mov	ip, r0
  42 0006 BCE80F00 		ldmia	ip!, {r0, r1, r2, r3}
  43              	.LVL1:
  44              		.loc 1 38 10 view .LVU4
  45 000a 0FC4     		stmia	r4!, {r0, r1, r2, r3}
  46 000c BCE80F00 		ldmia	ip!, {r0, r1, r2, r3}
  47              	.LVL2:
  48              		.loc 1 38 10 view .LVU5
  49 0010 0FC4     		stmia	r4!, {r0, r1, r2, r3}
  50 0012 9CE80F00 		ldm	ip, {r0, r1, r2, r3}
  51 0016 84E80F00 		stm	r4, {r0, r1, r2, r3}
  39:SRV_SENS/SRC/srv_sens_main.c **** }
  52              		.loc 1 39 1 view .LVU6
  53 001a 10BC     		pop	{r4}
  54              	.LCFI1:
  55              		.cfi_restore 4
  56              		.cfi_def_cfa_offset 0
  57 001c 7047     		bx	lr
  58              	.L4:
  59 001e 00BF     		.align	2
  60              	.L3:
  61 0020 00000000 		.word	.LANCHOR0
  62              		.cfi_endproc
  63              	.LFE68:
  65              		.section	.text.srv_sens_init,"ax",%progbits
  66              		.align	1
  67              		.global	srv_sens_init
  68              		.syntax unified
  69              		.thumb
  70              		.thumb_func
  72              	srv_sens_init:
  73              	.LFB69:
  40:SRV_SENS/SRC/srv_sens_main.c **** /**
  41:SRV_SENS/SRC/srv_sens_main.c ****  * @brief init function for srv_sens
  42:SRV_SENS/SRC/srv_sens_main.c **** */
  43:SRV_SENS/SRC/srv_sens_main.c **** void srv_sens_init(void)
  44:SRV_SENS/SRC/srv_sens_main.c **** {
ARM GAS  C:\Users\adivd\AppData\Local\Temp\ccKCYKKc.s 			page 3


  74              		.loc 1 44 1 is_stmt 1 view -0
  75              		.cfi_startproc
  76              		@ args = 0, pretend = 0, frame = 0
  77              		@ frame_needed = 0, uses_anonymous_args = 0
  78              		@ link register save eliminated.
  45:SRV_SENS/SRC/srv_sens_main.c ****     //init sensor readings
  46:SRV_SENS/SRC/srv_sens_main.c ****     for(int i=0;i<20;i++){
  79              		.loc 1 46 5 view .LVU8
  80              	.LBB2:
  81              		.loc 1 46 9 view .LVU9
  82              	.LVL3:
  83              		.loc 1 46 13 is_stmt 0 view .LVU10
  84 0000 0022     		movs	r2, #0
  85              		.loc 1 46 5 view .LVU11
  86 0002 0FE0     		b	.L6
  87              	.LVL4:
  88              	.L7:
  47:SRV_SENS/SRC/srv_sens_main.c ****         sensor_readings[i].sensor_id = 1;
  89              		.loc 1 47 9 is_stmt 1 discriminator 3 view .LVU12
  90              		.loc 1 47 38 is_stmt 0 discriminator 3 view .LVU13
  91 0004 0948     		ldr	r0, .L8
  92 0006 4FEA021C 		lsl	ip, r2, #4
  93 000a 00EB0213 		add	r3, r0, r2, lsl #4
  94 000e 0121     		movs	r1, #1
  95 0010 00F80C10 		strb	r1, [r0, ip]
  48:SRV_SENS/SRC/srv_sens_main.c ****         sensor_readings[i].sensor_number = 1;
  96              		.loc 1 48 9 is_stmt 1 discriminator 3 view .LVU14
  97              		.loc 1 48 42 is_stmt 0 discriminator 3 view .LVU15
  98 0014 5970     		strb	r1, [r3, #1]
  49:SRV_SENS/SRC/srv_sens_main.c ****         sensor_readings[i].raw_sensor_voltage = 0;
  99              		.loc 1 49 9 is_stmt 1 discriminator 3 view .LVU16
 100              		.loc 1 49 47 is_stmt 0 discriminator 3 view .LVU17
 101 0016 0021     		movs	r1, #0
 102 0018 5960     		str	r1, [r3, #4]	@ float
  50:SRV_SENS/SRC/srv_sens_main.c ****         sensor_readings[i].sensor_decimal = 0;
 103              		.loc 1 50 9 is_stmt 1 discriminator 3 view .LVU18
 104              		.loc 1 50 43 is_stmt 0 discriminator 3 view .LVU19
 105 001a 0020     		movs	r0, #0
 106 001c 1872     		strb	r0, [r3, #8]
  51:SRV_SENS/SRC/srv_sens_main.c ****         sensor_readings[i].sensor_unit = 0;
 107              		.loc 1 51 9 is_stmt 1 discriminator 3 view .LVU20
 108              		.loc 1 51 40 is_stmt 0 discriminator 3 view .LVU21
 109 001e 5872     		strb	r0, [r3, #9]
  52:SRV_SENS/SRC/srv_sens_main.c ****         sensor_readings[i].sensor_data = 0;
 110              		.loc 1 52 9 is_stmt 1 discriminator 3 view .LVU22
 111              		.loc 1 52 40 is_stmt 0 discriminator 3 view .LVU23
 112 0020 D960     		str	r1, [r3, #12]	@ float
  46:SRV_SENS/SRC/srv_sens_main.c ****         sensor_readings[i].sensor_id = 1;
 113              		.loc 1 46 22 is_stmt 1 discriminator 3 view .LVU24
  46:SRV_SENS/SRC/srv_sens_main.c ****         sensor_readings[i].sensor_id = 1;
 114              		.loc 1 46 23 is_stmt 0 discriminator 3 view .LVU25
 115 0022 0132     		adds	r2, r2, #1
 116              	.LVL5:
 117              	.L6:
  46:SRV_SENS/SRC/srv_sens_main.c ****         sensor_readings[i].sensor_id = 1;
 118              		.loc 1 46 17 is_stmt 1 discriminator 1 view .LVU26
  46:SRV_SENS/SRC/srv_sens_main.c ****         sensor_readings[i].sensor_id = 1;
ARM GAS  C:\Users\adivd\AppData\Local\Temp\ccKCYKKc.s 			page 4


 119              		.loc 1 46 5 is_stmt 0 discriminator 1 view .LVU27
 120 0024 132A     		cmp	r2, #19
 121 0026 EDDD     		ble	.L7
 122              	.LBE2:
  53:SRV_SENS/SRC/srv_sens_main.c ****     }
  54:SRV_SENS/SRC/srv_sens_main.c **** 
  55:SRV_SENS/SRC/srv_sens_main.c **** }
 123              		.loc 1 55 1 view .LVU28
 124 0028 7047     		bx	lr
 125              	.L9:
 126 002a 00BF     		.align	2
 127              	.L8:
 128 002c 00000000 		.word	.LANCHOR1
 129              		.cfi_endproc
 130              	.LFE69:
 132              		.section	.text.get_sensor_data,"ax",%progbits
 133              		.align	1
 134              		.global	get_sensor_data
 135              		.syntax unified
 136              		.thumb
 137              		.thumb_func
 139              	get_sensor_data:
 140              	.LVL6:
 141              	.LFB70:
  56:SRV_SENS/SRC/srv_sens_main.c **** /**
  57:SRV_SENS/SRC/srv_sens_main.c ****  * @brief Get the sensor data object
  58:SRV_SENS/SRC/srv_sens_main.c ****  * 
  59:SRV_SENS/SRC/srv_sens_main.c ****  * @return sensor_data_t 
  60:SRV_SENS/SRC/srv_sens_main.c ****  */
  61:SRV_SENS/SRC/srv_sens_main.c **** sensor_data_t get_sensor_data(void){
 142              		.loc 1 61 36 is_stmt 1 view -0
 143              		.cfi_startproc
 144              		@ args = 0, pretend = 0, frame = 0
 145              		@ frame_needed = 0, uses_anonymous_args = 0
 146              		@ link register save eliminated.
 147              		.loc 1 61 36 is_stmt 0 view .LVU30
 148 0000 8446     		mov	ip, r0
  62:SRV_SENS/SRC/srv_sens_main.c ****     return data_meadian;
 149              		.loc 1 62 5 is_stmt 1 view .LVU31
 150              		.loc 1 62 12 is_stmt 0 view .LVU32
 151 0002 034B     		ldr	r3, .L11
 152 0004 0FCB     		ldm	r3, {r0, r1, r2, r3}
 153              	.LVL7:
 154              		.loc 1 62 12 view .LVU33
 155 0006 8CE80F00 		stm	ip, {r0, r1, r2, r3}
  63:SRV_SENS/SRC/srv_sens_main.c **** }
 156              		.loc 1 63 1 view .LVU34
 157 000a 6046     		mov	r0, ip
 158 000c 7047     		bx	lr
 159              	.L12:
 160 000e 00BF     		.align	2
 161              	.L11:
 162 0010 00000000 		.word	.LANCHOR2
 163              		.cfi_endproc
 164              	.LFE70:
 166              		.global	__aeabi_ui2f
 167              		.global	__aeabi_f2d
ARM GAS  C:\Users\adivd\AppData\Local\Temp\ccKCYKKc.s 			page 5


 168              		.global	__aeabi_dmul
 169              		.global	__aeabi_d2f
 170              		.global	__aeabi_ddiv
 171              		.global	__aeabi_dsub
 172              		.global	__aeabi_fadd
 173              		.global	__aeabi_fdiv
 174              		.global	__aeabi_f2iz
 175              		.global	__aeabi_i2f
 176              		.global	__aeabi_fsub
 177              		.global	__aeabi_fmul
 178              		.section	.text.srv_sens_main,"ax",%progbits
 179              		.align	1
 180              		.global	srv_sens_main
 181              		.syntax unified
 182              		.thumb
 183              		.thumb_func
 185              	srv_sens_main:
 186              	.LFB71:
  64:SRV_SENS/SRC/srv_sens_main.c **** /**
  65:SRV_SENS/SRC/srv_sens_main.c ****  * @brief main function for srv_sens
  66:SRV_SENS/SRC/srv_sens_main.c ****  *
  67:SRV_SENS/SRC/srv_sens_main.c **** */
  68:SRV_SENS/SRC/srv_sens_main.c **** void srv_sens_main(void)
  69:SRV_SENS/SRC/srv_sens_main.c **** {
 187              		.loc 1 69 1 is_stmt 1 view -0
 188              		.cfi_startproc
 189              		@ args = 0, pretend = 0, frame = 0
 190              		@ frame_needed = 0, uses_anonymous_args = 0
 191 0000 F8B5     		push	{r3, r4, r5, r6, r7, lr}
 192              	.LCFI2:
 193              		.cfi_def_cfa_offset 24
 194              		.cfi_offset 3, -24
 195              		.cfi_offset 4, -20
 196              		.cfi_offset 5, -16
 197              		.cfi_offset 6, -12
 198              		.cfi_offset 7, -8
 199              		.cfi_offset 14, -4
  70:SRV_SENS/SRC/srv_sens_main.c ****     uint16_t raw;
 200              		.loc 1 70 5 view .LVU36
  71:SRV_SENS/SRC/srv_sens_main.c ****     float sensor_data_sum;
 201              		.loc 1 71 5 view .LVU37
  72:SRV_SENS/SRC/srv_sens_main.c ****     for(int i = 0; i < 20; i++)
 202              		.loc 1 72 5 view .LVU38
 203              	.LBB3:
 204              		.loc 1 72 9 view .LVU39
 205              	.LVL8:
 206              		.loc 1 72 13 is_stmt 0 view .LVU40
 207 0002 0025     		movs	r5, #0
 208              		.loc 1 72 5 view .LVU41
 209 0004 38E0     		b	.L14
 210              	.LVL9:
 211              	.L15:
  73:SRV_SENS/SRC/srv_sens_main.c ****     {
  74:SRV_SENS/SRC/srv_sens_main.c ****         //read sensor data
  75:SRV_SENS/SRC/srv_sens_main.c ****         HAL_ADC_Start(&hadc);
 212              		.loc 1 75 9 is_stmt 1 discriminator 3 view .LVU42
 213 0006 304C     		ldr	r4, .L17+24
ARM GAS  C:\Users\adivd\AppData\Local\Temp\ccKCYKKc.s 			page 6


 214 0008 2046     		mov	r0, r4
 215 000a FFF7FEFF 		bl	HAL_ADC_Start
 216              	.LVL10:
  76:SRV_SENS/SRC/srv_sens_main.c ****         HAL_ADC_PollForConversion(&hadc, 100);
 217              		.loc 1 76 9 discriminator 3 view .LVU43
 218 000e 6421     		movs	r1, #100
 219 0010 2046     		mov	r0, r4
 220 0012 FFF7FEFF 		bl	HAL_ADC_PollForConversion
 221              	.LVL11:
  77:SRV_SENS/SRC/srv_sens_main.c ****         raw = HAL_ADC_GetValue(&hadc);
 222              		.loc 1 77 9 discriminator 3 view .LVU44
 223              		.loc 1 77 15 is_stmt 0 discriminator 3 view .LVU45
 224 0016 2046     		mov	r0, r4
 225 0018 FFF7FEFF 		bl	HAL_ADC_GetValue
 226              	.LVL12:
 227              		.loc 1 77 13 discriminator 3 view .LVU46
 228 001c 87B2     		uxth	r7, r0
 229              	.LVL13:
  78:SRV_SENS/SRC/srv_sens_main.c ****         HAL_ADC_Stop(&hadc);
 230              		.loc 1 78 9 is_stmt 1 discriminator 3 view .LVU47
 231 001e 2046     		mov	r0, r4
 232 0020 FFF7FEFF 		bl	HAL_ADC_Stop
 233              	.LVL14:
  79:SRV_SENS/SRC/srv_sens_main.c ****         sensor_readings[i].raw_sensor_voltage =(float)raw*(3.3/4096);
 234              		.loc 1 79 9 discriminator 3 view .LVU48
 235              		.loc 1 79 48 is_stmt 0 discriminator 3 view .LVU49
 236 0024 3846     		mov	r0, r7
 237 0026 FFF7FEFF 		bl	__aeabi_ui2f
 238              	.LVL15:
 239 002a FFF7FEFF 		bl	__aeabi_f2d
 240              	.LVL16:
 241              		.loc 1 79 58 discriminator 3 view .LVU50
 242 002e 20A3     		adr	r3, .L17
 243 0030 D3E90023 		ldrd	r2, [r3]
 244 0034 FFF7FEFF 		bl	__aeabi_dmul
 245              	.LVL17:
 246 0038 FFF7FEFF 		bl	__aeabi_d2f
 247              	.LVL18:
 248              		.loc 1 79 47 discriminator 3 view .LVU51
 249 003c 234C     		ldr	r4, .L17+28
 250 003e 04EB0514 		add	r4, r4, r5, lsl #4
 251 0042 6060     		str	r0, [r4, #4]	@ float
  80:SRV_SENS/SRC/srv_sens_main.c ****         //convert raw_sensor_voltage to sensor_data
  81:SRV_SENS/SRC/srv_sens_main.c ****         /*
  82:SRV_SENS/SRC/srv_sens_main.c ****             using curve expert we know that: raw_sensor_voltage = 7.747/(1+sensor_data/4.271)
  83:SRV_SENS/SRC/srv_sens_main.c ****             so we can calculate sensor_data using the following formula: sensor_data = 33.087/raw_s
  84:SRV_SENS/SRC/srv_sens_main.c ****         */
  85:SRV_SENS/SRC/srv_sens_main.c ****         sensor_readings[i].sensor_data = 33.087/sensor_readings[i].raw_sensor_voltage-7.747;
 252              		.loc 1 85 9 is_stmt 1 discriminator 3 view .LVU52
 253              		.loc 1 85 67 is_stmt 0 discriminator 3 view .LVU53
 254 0044 FFF7FEFF 		bl	__aeabi_f2d
 255              	.LVL19:
 256 0048 0246     		mov	r2, r0
 257 004a 0B46     		mov	r3, r1
 258              		.loc 1 85 48 discriminator 3 view .LVU54
 259 004c 1AA1     		adr	r1, .L17+8
 260 004e D1E90001 		ldrd	r0, [r1]
ARM GAS  C:\Users\adivd\AppData\Local\Temp\ccKCYKKc.s 			page 7


 261 0052 FFF7FEFF 		bl	__aeabi_ddiv
 262              	.LVL20:
 263              		.loc 1 85 86 discriminator 3 view .LVU55
 264 0056 1AA3     		adr	r3, .L17+16
 265 0058 D3E90023 		ldrd	r2, [r3]
 266 005c FFF7FEFF 		bl	__aeabi_dsub
 267              	.LVL21:
 268 0060 FFF7FEFF 		bl	__aeabi_d2f
 269              	.LVL22:
 270 0064 0146     		mov	r1, r0
 271              		.loc 1 85 40 discriminator 3 view .LVU56
 272 0066 E060     		str	r0, [r4, #12]	@ float
  86:SRV_SENS/SRC/srv_sens_main.c ****         //get medium value from sensor_data
  87:SRV_SENS/SRC/srv_sens_main.c ****         sensor_data_sum += sensor_readings[i].sensor_data;
 273              		.loc 1 87 9 is_stmt 1 discriminator 3 view .LVU57
 274              		.loc 1 87 25 is_stmt 0 discriminator 3 view .LVU58
 275 0068 3046     		mov	r0, r6
 276 006a FFF7FEFF 		bl	__aeabi_fadd
 277              	.LVL23:
 278 006e 0646     		mov	r6, r0
 279              	.LVL24:
  88:SRV_SENS/SRC/srv_sens_main.c ****         //wait 5ms
  89:SRV_SENS/SRC/srv_sens_main.c ****         HAL_Delay(5);
 280              		.loc 1 89 9 is_stmt 1 discriminator 3 view .LVU59
 281 0070 0520     		movs	r0, #5
 282              	.LVL25:
 283              		.loc 1 89 9 is_stmt 0 discriminator 3 view .LVU60
 284 0072 FFF7FEFF 		bl	HAL_Delay
 285              	.LVL26:
  72:SRV_SENS/SRC/srv_sens_main.c ****     {
 286              		.loc 1 72 28 is_stmt 1 discriminator 3 view .LVU61
  72:SRV_SENS/SRC/srv_sens_main.c ****     {
 287              		.loc 1 72 29 is_stmt 0 discriminator 3 view .LVU62
 288 0076 0135     		adds	r5, r5, #1
 289              	.LVL27:
 290              	.L14:
  72:SRV_SENS/SRC/srv_sens_main.c ****     {
 291              		.loc 1 72 20 is_stmt 1 discriminator 1 view .LVU63
  72:SRV_SENS/SRC/srv_sens_main.c ****     {
 292              		.loc 1 72 5 is_stmt 0 discriminator 1 view .LVU64
 293 0078 132D     		cmp	r5, #19
 294 007a C4DD     		ble	.L15
 295              	.LBE3:
  90:SRV_SENS/SRC/srv_sens_main.c ****     }
  91:SRV_SENS/SRC/srv_sens_main.c ****     //calculate medium value
  92:SRV_SENS/SRC/srv_sens_main.c ****     data_meadian.sensor_data = sensor_data_sum/20;
 296              		.loc 1 92 5 is_stmt 1 view .LVU65
 297              		.loc 1 92 47 is_stmt 0 view .LVU66
 298 007c 1449     		ldr	r1, .L17+32
 299 007e 3046     		mov	r0, r6
 300 0080 FFF7FEFF 		bl	__aeabi_fdiv
 301              	.LVL28:
 302 0084 0446     		mov	r4, r0
 303              		.loc 1 92 30 view .LVU67
 304 0086 134D     		ldr	r5, .L17+36
 305              	.LVL29:
 306              		.loc 1 92 30 view .LVU68
ARM GAS  C:\Users\adivd\AppData\Local\Temp\ccKCYKKc.s 			page 8


 307 0088 E860     		str	r0, [r5, #12]	@ float
  93:SRV_SENS/SRC/srv_sens_main.c ****     data_meadian.sensor_decimal = (int)(data_meadian.sensor_data);
 308              		.loc 1 93 5 is_stmt 1 view .LVU69
 309              		.loc 1 93 35 is_stmt 0 view .LVU70
 310 008a FFF7FEFF 		bl	__aeabi_f2iz
 311              	.LVL30:
 312              		.loc 1 93 33 view .LVU71
 313 008e C0B2     		uxtb	r0, r0
 314 0090 2872     		strb	r0, [r5, #8]
  94:SRV_SENS/SRC/srv_sens_main.c ****     data_meadian.sensor_unit = (int)((data_meadian.sensor_data - data_meadian.sensor_decimal)*1000)
 315              		.loc 1 94 5 is_stmt 1 view .LVU72
 316              		.loc 1 94 64 is_stmt 0 view .LVU73
 317 0092 FFF7FEFF 		bl	__aeabi_i2f
 318              	.LVL31:
 319 0096 0146     		mov	r1, r0
 320 0098 2046     		mov	r0, r4
 321 009a FFF7FEFF 		bl	__aeabi_fsub
 322              	.LVL32:
 323              		.loc 1 94 94 view .LVU74
 324 009e 0E49     		ldr	r1, .L17+40
 325 00a0 FFF7FEFF 		bl	__aeabi_fmul
 326              	.LVL33:
 327              		.loc 1 94 32 view .LVU75
 328 00a4 FFF7FEFF 		bl	__aeabi_f2iz
 329              	.LVL34:
 330              		.loc 1 94 30 view .LVU76
 331 00a8 6872     		strb	r0, [r5, #9]
  95:SRV_SENS/SRC/srv_sens_main.c **** }
 332              		.loc 1 95 1 view .LVU77
 333 00aa F8BD     		pop	{r3, r4, r5, r6, r7, pc}
 334              	.LVL35:
 335              	.L18:
 336              		.loc 1 95 1 view .LVU78
 337 00ac AFF30080 		.align	3
 338              	.L17:
 339 00b0 66666666 		.word	1717986918
 340 00b4 66664A3F 		.word	1061840486
 341 00b8 4260E5D0 		.word	-790273982
 342 00bc 228B4040 		.word	1077971746
 343 00c0 B0726891 		.word	-1855425872
 344 00c4 EDFC1E40 		.word	1075772653
 345 00c8 00000000 		.word	.LANCHOR0
 346 00cc 00000000 		.word	.LANCHOR1
 347 00d0 0000A041 		.word	1101004800
 348 00d4 00000000 		.word	.LANCHOR2
 349 00d8 00007A44 		.word	1148846080
 350              		.cfi_endproc
 351              	.LFE71:
 353              		.global	data_meadian
 354              		.global	sensor_readings
 355              		.global	hadc
 356              		.section	.bss.data_meadian,"aw",%nobits
 357              		.align	2
 358              		.set	.LANCHOR2,. + 0
 361              	data_meadian:
 362 0000 00000000 		.space	16
 362      00000000 
ARM GAS  C:\Users\adivd\AppData\Local\Temp\ccKCYKKc.s 			page 9


 362      00000000 
 362      00000000 
 363              		.section	.bss.hadc,"aw",%nobits
 364              		.align	2
 365              		.set	.LANCHOR0,. + 0
 368              	hadc:
 369 0000 00000000 		.space	48
 369      00000000 
 369      00000000 
 369      00000000 
 369      00000000 
 370              		.section	.bss.sensor_readings,"aw",%nobits
 371              		.align	2
 372              		.set	.LANCHOR1,. + 0
 375              	sensor_readings:
 376 0000 00000000 		.space	320
 376      00000000 
 376      00000000 
 376      00000000 
 376      00000000 
 377              		.text
 378              	.Letext0:
 379              		.file 2 "c:\\program files (x86)\\gnu arm embedded toolchain\\10 2021.10\\arm-none-eabi\\include\\
 380              		.file 3 "c:\\program files (x86)\\gnu arm embedded toolchain\\10 2021.10\\arm-none-eabi\\include\\
 381              		.file 4 "Drivers/CMSIS/Device/ST/STM32F1xx/Include/stm32f103xb.h"
 382              		.file 5 "Drivers/CMSIS/Device/ST/STM32F1xx/Include/stm32f1xx.h"
 383              		.file 6 "Drivers/STM32F1xx_HAL_Driver/Inc/stm32f1xx_hal_def.h"
 384              		.file 7 "Drivers/STM32F1xx_HAL_Driver/Inc/stm32f1xx_hal_dma.h"
 385              		.file 8 "Drivers/STM32F1xx_HAL_Driver/Inc/stm32f1xx_hal_adc.h"
 386              		.file 9 "SRV_SENS/API/srv_sens_def.h"
 387              		.file 10 "Drivers/STM32F1xx_HAL_Driver/Inc/stm32f1xx_hal.h"
ARM GAS  C:\Users\adivd\AppData\Local\Temp\ccKCYKKc.s 			page 10


DEFINED SYMBOLS
                            *ABS*:00000000 srv_sens_main.c
C:\Users\adivd\AppData\Local\Temp\ccKCYKKc.s:18     .text.set_adc:00000000 $t
C:\Users\adivd\AppData\Local\Temp\ccKCYKKc.s:24     .text.set_adc:00000000 set_adc
C:\Users\adivd\AppData\Local\Temp\ccKCYKKc.s:61     .text.set_adc:00000020 $d
C:\Users\adivd\AppData\Local\Temp\ccKCYKKc.s:66     .text.srv_sens_init:00000000 $t
C:\Users\adivd\AppData\Local\Temp\ccKCYKKc.s:72     .text.srv_sens_init:00000000 srv_sens_init
C:\Users\adivd\AppData\Local\Temp\ccKCYKKc.s:128    .text.srv_sens_init:0000002c $d
C:\Users\adivd\AppData\Local\Temp\ccKCYKKc.s:133    .text.get_sensor_data:00000000 $t
C:\Users\adivd\AppData\Local\Temp\ccKCYKKc.s:139    .text.get_sensor_data:00000000 get_sensor_data
C:\Users\adivd\AppData\Local\Temp\ccKCYKKc.s:162    .text.get_sensor_data:00000010 $d
C:\Users\adivd\AppData\Local\Temp\ccKCYKKc.s:179    .text.srv_sens_main:00000000 $t
C:\Users\adivd\AppData\Local\Temp\ccKCYKKc.s:185    .text.srv_sens_main:00000000 srv_sens_main
C:\Users\adivd\AppData\Local\Temp\ccKCYKKc.s:339    .text.srv_sens_main:000000b0 $d
C:\Users\adivd\AppData\Local\Temp\ccKCYKKc.s:361    .bss.data_meadian:00000000 data_meadian
C:\Users\adivd\AppData\Local\Temp\ccKCYKKc.s:375    .bss.sensor_readings:00000000 sensor_readings
C:\Users\adivd\AppData\Local\Temp\ccKCYKKc.s:368    .bss.hadc:00000000 hadc
C:\Users\adivd\AppData\Local\Temp\ccKCYKKc.s:357    .bss.data_meadian:00000000 $d
C:\Users\adivd\AppData\Local\Temp\ccKCYKKc.s:364    .bss.hadc:00000000 $d
C:\Users\adivd\AppData\Local\Temp\ccKCYKKc.s:371    .bss.sensor_readings:00000000 $d

UNDEFINED SYMBOLS
__aeabi_ui2f
__aeabi_f2d
__aeabi_dmul
__aeabi_d2f
__aeabi_ddiv
__aeabi_dsub
__aeabi_fadd
__aeabi_fdiv
__aeabi_f2iz
__aeabi_i2f
__aeabi_fsub
__aeabi_fmul
HAL_ADC_Start
HAL_ADC_PollForConversion
HAL_ADC_GetValue
HAL_ADC_Stop
HAL_Delay
